[debug] [2023-04-24T13:10:06.772Z] ----------------------------------------------------------------------
[debug] [2023-04-24T13:10:06.773Z] Command:       /Users/elvinatwine/.nvm/versions/node/v16.19.0/bin/node /Users/elvinatwine/.nvm/versions/node/v16.19.0/bin/firebase deploy --only functions
[debug] [2023-04-24T13:10:06.774Z] CLI Version:   11.25.3
[debug] [2023-04-24T13:10:06.774Z] Platform:      darwin
[debug] [2023-04-24T13:10:06.774Z] Node Version:  v16.19.0
[debug] [2023-04-24T13:10:06.774Z] Time:          Mon Apr 24 2023 06:10:06 GMT-0700 (Pacific Daylight Time)
[debug] [2023-04-24T13:10:06.775Z] ----------------------------------------------------------------------
[debug] 
[debug] [2023-04-24T13:10:06.807Z] > command requires scopes: ["email","openid","https://www.googleapis.com/auth/cloudplatformprojects.readonly","https://www.googleapis.com/auth/firebase","https://www.googleapis.com/auth/cloud-platform"]
[debug] [2023-04-24T13:10:06.807Z] > authorizing via signed-in user (elivnatwiine@gmail.com)
[debug] [2023-04-24T13:10:06.807Z] [iam] checking project use-gol for permissions ["cloudfunctions.functions.create","cloudfunctions.functions.delete","cloudfunctions.functions.get","cloudfunctions.functions.list","cloudfunctions.functions.update","cloudfunctions.operations.get","firebase.projects.get"]
[debug] [2023-04-24T13:10:06.808Z] >>> [apiv2][query] POST https://cloudresourcemanager.googleapis.com/v1/projects/use-gol:testIamPermissions [none]
[debug] [2023-04-24T13:10:06.808Z] >>> [apiv2][(partial)header] POST https://cloudresourcemanager.googleapis.com/v1/projects/use-gol:testIamPermissions x-goog-quota-user=projects/use-gol
[debug] [2023-04-24T13:10:06.809Z] >>> [apiv2][body] POST https://cloudresourcemanager.googleapis.com/v1/projects/use-gol:testIamPermissions {"permissions":["cloudfunctions.functions.create","cloudfunctions.functions.delete","cloudfunctions.functions.get","cloudfunctions.functions.list","cloudfunctions.functions.update","cloudfunctions.operations.get","firebase.projects.get"]}
[debug] [2023-04-24T13:10:07.141Z] <<< [apiv2][status] POST https://cloudresourcemanager.googleapis.com/v1/projects/use-gol:testIamPermissions 200
[debug] [2023-04-24T13:10:07.141Z] <<< [apiv2][body] POST https://cloudresourcemanager.googleapis.com/v1/projects/use-gol:testIamPermissions {"permissions":["cloudfunctions.functions.create","cloudfunctions.functions.delete","cloudfunctions.functions.get","cloudfunctions.functions.list","cloudfunctions.functions.update","cloudfunctions.operations.get","firebase.projects.get"]}
[debug] [2023-04-24T13:10:07.142Z] >>> [apiv2][query] POST https://iam.googleapis.com/v1/projects/use-gol/serviceAccounts/use-gol@appspot.gserviceaccount.com:testIamPermissions [none]
[debug] [2023-04-24T13:10:07.142Z] >>> [apiv2][body] POST https://iam.googleapis.com/v1/projects/use-gol/serviceAccounts/use-gol@appspot.gserviceaccount.com:testIamPermissions {"permissions":["iam.serviceAccounts.actAs"]}
[debug] [2023-04-24T13:10:07.478Z] <<< [apiv2][status] POST https://iam.googleapis.com/v1/projects/use-gol/serviceAccounts/use-gol@appspot.gserviceaccount.com:testIamPermissions 404
[debug] [2023-04-24T13:10:07.478Z] <<< [apiv2][body] POST https://iam.googleapis.com/v1/projects/use-gol/serviceAccounts/use-gol@appspot.gserviceaccount.com:testIamPermissions {"error":{"code":404,"message":"Unknown service account","status":"NOT_FOUND"}}
[debug] [2023-04-24T13:10:07.478Z] [functions] service account IAM check errored, deploy may fail:HTTP Error: 404, Unknown service account {"name":"FirebaseError","children":[],"context":{"body":{"error":{"code":404,"message":"Unknown service account","status":"NOT_FOUND"}},"response":{"statusCode":404}},"exit":1,"message":"HTTP Error: 404, Unknown service account","status":404}
[info] 
[info] === Deploying to 'use-gol'...
[info] 
[info] i  deploying functions 
[debug] [2023-04-24T13:10:07.480Z] >>> [apiv2][query] GET https://firebase.googleapis.com/v1beta1/projects/use-gol [none]
[debug] [2023-04-24T13:10:07.844Z] <<< [apiv2][status] GET https://firebase.googleapis.com/v1beta1/projects/use-gol 200
[debug] [2023-04-24T13:10:07.844Z] <<< [apiv2][body] GET https://firebase.googleapis.com/v1beta1/projects/use-gol {"projectId":"use-gol","projectNumber":"130570097756","displayName":"use gol","name":"projects/use-gol","resources":{"hostingSite":"use-gol"},"state":"ACTIVE","etag":"1_7d342f83-af22-4550-8d76-86bfca1afefd"}
[info] i  functions: preparing codebase default for deployment 
[info] i  functions: ensuring required API cloudfunctions.googleapis.com is enabled... 
[info] i  functions: ensuring required API cloudbuild.googleapis.com is enabled... 
[info] i  artifactregistry: ensuring required API artifactregistry.googleapis.com is enabled... 
[debug] [2023-04-24T13:10:07.845Z] >>> [apiv2][query] GET https://serviceusage.googleapis.com/v1/projects/use-gol/services/cloudfunctions.googleapis.com [none]
[debug] [2023-04-24T13:10:07.845Z] >>> [apiv2][(partial)header] GET https://serviceusage.googleapis.com/v1/projects/use-gol/services/cloudfunctions.googleapis.com x-goog-quota-user=projects/use-gol
[debug] [2023-04-24T13:10:07.846Z] >>> [apiv2][query] GET https://serviceusage.googleapis.com/v1/projects/use-gol/services/runtimeconfig.googleapis.com [none]
[debug] [2023-04-24T13:10:07.846Z] >>> [apiv2][(partial)header] GET https://serviceusage.googleapis.com/v1/projects/use-gol/services/runtimeconfig.googleapis.com x-goog-quota-user=projects/use-gol
[debug] [2023-04-24T13:10:07.846Z] >>> [apiv2][query] GET https://serviceusage.googleapis.com/v1/projects/use-gol/services/cloudbuild.googleapis.com [none]
[debug] [2023-04-24T13:10:07.846Z] >>> [apiv2][(partial)header] GET https://serviceusage.googleapis.com/v1/projects/use-gol/services/cloudbuild.googleapis.com x-goog-quota-user=projects/use-gol
[debug] [2023-04-24T13:10:07.847Z] >>> [apiv2][query] GET https://serviceusage.googleapis.com/v1/projects/use-gol/services/artifactregistry.googleapis.com [none]
[debug] [2023-04-24T13:10:07.847Z] >>> [apiv2][(partial)header] GET https://serviceusage.googleapis.com/v1/projects/use-gol/services/artifactregistry.googleapis.com x-goog-quota-user=projects/use-gol
[debug] [2023-04-24T13:10:08.365Z] <<< [apiv2][status] GET https://serviceusage.googleapis.com/v1/projects/use-gol/services/cloudbuild.googleapis.com 200
[debug] [2023-04-24T13:10:08.366Z] <<< [apiv2][body] GET https://serviceusage.googleapis.com/v1/projects/use-gol/services/cloudbuild.googleapis.com [omitted]
[warn] ⚠  functions: missing required API cloudbuild.googleapis.com. Enabling now... 
[debug] [2023-04-24T13:10:08.366Z] >>> [apiv2][query] POST https://serviceusage.googleapis.com/v1/projects/use-gol/services/cloudbuild.googleapis.com:enable [none]
[debug] [2023-04-24T13:10:08.366Z] >>> [apiv2][(partial)header] POST https://serviceusage.googleapis.com/v1/projects/use-gol/services/cloudbuild.googleapis.com:enable x-goog-quota-user=projects/use-gol
[debug] [2023-04-24T13:10:08.408Z] <<< [apiv2][status] GET https://serviceusage.googleapis.com/v1/projects/use-gol/services/artifactregistry.googleapis.com 200
[debug] [2023-04-24T13:10:08.408Z] <<< [apiv2][body] GET https://serviceusage.googleapis.com/v1/projects/use-gol/services/artifactregistry.googleapis.com [omitted]
[warn] ⚠  artifactregistry: missing required API artifactregistry.googleapis.com. Enabling now... 
[debug] [2023-04-24T13:10:08.408Z] >>> [apiv2][query] POST https://serviceusage.googleapis.com/v1/projects/use-gol/services/artifactregistry.googleapis.com:enable [none]
[debug] [2023-04-24T13:10:08.408Z] >>> [apiv2][(partial)header] POST https://serviceusage.googleapis.com/v1/projects/use-gol/services/artifactregistry.googleapis.com:enable x-goog-quota-user=projects/use-gol
[debug] [2023-04-24T13:10:08.410Z] <<< [apiv2][status] GET https://serviceusage.googleapis.com/v1/projects/use-gol/services/cloudfunctions.googleapis.com 200
[debug] [2023-04-24T13:10:08.411Z] <<< [apiv2][body] GET https://serviceusage.googleapis.com/v1/projects/use-gol/services/cloudfunctions.googleapis.com [omitted]
[info] ✔  functions: required API cloudfunctions.googleapis.com is enabled 
[debug] [2023-04-24T13:10:08.424Z] <<< [apiv2][status] GET https://serviceusage.googleapis.com/v1/projects/use-gol/services/runtimeconfig.googleapis.com 200
[debug] [2023-04-24T13:10:08.424Z] <<< [apiv2][body] GET https://serviceusage.googleapis.com/v1/projects/use-gol/services/runtimeconfig.googleapis.com [omitted]
[debug] [2023-04-24T13:10:09.095Z] <<< [apiv2][status] POST https://serviceusage.googleapis.com/v1/projects/use-gol/services/artifactregistry.googleapis.com:enable 200
[debug] [2023-04-24T13:10:09.096Z] <<< [apiv2][body] POST https://serviceusage.googleapis.com/v1/projects/use-gol/services/artifactregistry.googleapis.com:enable [omitted]
[debug] [2023-04-24T13:10:09.153Z] <<< [apiv2][status] POST https://serviceusage.googleapis.com/v1/projects/use-gol/services/cloudbuild.googleapis.com:enable 200
[debug] [2023-04-24T13:10:09.153Z] <<< [apiv2][body] POST https://serviceusage.googleapis.com/v1/projects/use-gol/services/cloudbuild.googleapis.com:enable [omitted]
[debug] [2023-04-24T13:10:19.099Z] >>> [apiv2][query] GET https://serviceusage.googleapis.com/v1/projects/use-gol/services/artifactregistry.googleapis.com [none]
[debug] [2023-04-24T13:10:19.100Z] >>> [apiv2][(partial)header] GET https://serviceusage.googleapis.com/v1/projects/use-gol/services/artifactregistry.googleapis.com x-goog-quota-user=projects/use-gol
[debug] [2023-04-24T13:10:19.157Z] >>> [apiv2][query] GET https://serviceusage.googleapis.com/v1/projects/use-gol/services/cloudbuild.googleapis.com [none]
[debug] [2023-04-24T13:10:19.157Z] >>> [apiv2][(partial)header] GET https://serviceusage.googleapis.com/v1/projects/use-gol/services/cloudbuild.googleapis.com x-goog-quota-user=projects/use-gol
[debug] [2023-04-24T13:10:19.590Z] <<< [apiv2][status] GET https://serviceusage.googleapis.com/v1/projects/use-gol/services/artifactregistry.googleapis.com 200
[debug] [2023-04-24T13:10:19.590Z] <<< [apiv2][body] GET https://serviceusage.googleapis.com/v1/projects/use-gol/services/artifactregistry.googleapis.com [omitted]
[info] ✔  artifactregistry: required API artifactregistry.googleapis.com is enabled 
[debug] [2023-04-24T13:10:19.595Z] <<< [apiv2][status] GET https://serviceusage.googleapis.com/v1/projects/use-gol/services/cloudbuild.googleapis.com 200
[debug] [2023-04-24T13:10:19.595Z] <<< [apiv2][body] GET https://serviceusage.googleapis.com/v1/projects/use-gol/services/cloudbuild.googleapis.com [omitted]
[info] ✔  functions: required API cloudbuild.googleapis.com is enabled 
[debug] [2023-04-24T13:10:19.597Z] >>> [apiv2][query] GET https://firebase.googleapis.com/v1beta1/projects/use-gol/adminSdkConfig [none]
[debug] [2023-04-24T13:10:20.101Z] <<< [apiv2][status] GET https://firebase.googleapis.com/v1beta1/projects/use-gol/adminSdkConfig 200
[debug] [2023-04-24T13:10:20.103Z] <<< [apiv2][body] GET https://firebase.googleapis.com/v1beta1/projects/use-gol/adminSdkConfig {"projectId":"use-gol","storageBucket":"use-gol.appspot.com"}
[debug] [2023-04-24T13:10:20.104Z] >>> [apiv2][query] GET https://runtimeconfig.googleapis.com/v1beta1/projects/use-gol/configs [none]
[debug] [2023-04-24T13:10:20.356Z] <<< [apiv2][status] GET https://runtimeconfig.googleapis.com/v1beta1/projects/use-gol/configs 200
[debug] [2023-04-24T13:10:20.357Z] <<< [apiv2][body] GET https://runtimeconfig.googleapis.com/v1beta1/projects/use-gol/configs {}
[debug] [2023-04-24T13:10:20.359Z] Validating nodejs source
[debug] [2023-04-24T13:10:20.913Z] > [functions] package.json contents: {
  "name": "functions",
  "description": "Cloud Functions for Firebase",
  "scripts": {
    "serve": "firebase emulators:start --only functions",
    "shell": "firebase functions:shell",
    "start": "npm run shell",
    "deploy": "firebase deploy --only functions",
    "logs": "firebase functions:log"
  },
  "engines": {
    "node": "16"
  },
  "main": "index.js",
  "dependencies": {
    "firebase-admin": "^11.5.0",
    "firebase-functions": "^4.2.0"
  },
  "devDependencies": {
    "firebase-functions-test": "^3.0.0"
  },
  "private": true
}
[debug] [2023-04-24T13:10:20.914Z] Building nodejs source
[debug] [2023-04-24T13:10:20.915Z] Could not find functions.yaml. Must use http discovery
[debug] [2023-04-24T13:10:20.924Z] Found firebase-functions binary at '/Users/elvinatwine/Desktop/gol/functions/node_modules/.bin/firebase-functions'
[debug] [2023-04-24T13:10:21.280Z] Serving at port 8375

[debug] [2023-04-24T13:10:21.397Z] Got response from /__/functions.yaml {"endpoints":{"deleteOldCompletedGoals":{"platform":"gcfv1","availableMemoryMb":null,"timeoutSeconds":null,"minInstances":null,"maxInstances":null,"ingressSettings":null,"serviceAccountEmail":null,"vpc":null,"scheduleTrigger":{"schedule":"every 24 hours","retryConfig":{"retryCount":null,"maxDoublings":null,"maxRetryDuration":null,"maxBackoffDuration":null,"minBackoffDuration":null},"timeZone":null},"labels":{},"entryPoint":"deleteOldCompletedGoals"}},"specVersion":"v1alpha1","requiredAPIs":[{"api":"cloudscheduler.googleapis.com","reason":"Needed for scheduled functions."}]}
[debug] [2023-04-24T13:10:21.401Z] shutdown requested via /__/quitquitquit

[info] i  functions: preparing functions directory for uploading... 
[info] i  functions: packaged /Users/elvinatwine/Desktop/gol/functions (126.46 KB) for uploading 
[debug] [2023-04-24T13:10:21.427Z] >>> [apiv2][query] GET https://cloudfunctions.googleapis.com/v1/projects/use-gol/locations/-/functions [none]
[debug] [2023-04-24T13:10:22.424Z] <<< [apiv2][status] GET https://cloudfunctions.googleapis.com/v1/projects/use-gol/locations/-/functions 200
[debug] [2023-04-24T13:10:22.424Z] <<< [apiv2][body] GET https://cloudfunctions.googleapis.com/v1/projects/use-gol/locations/-/functions {}
[debug] [2023-04-24T13:10:22.426Z] >>> [apiv2][query] GET https://cloudfunctions.googleapis.com/v2/projects/use-gol/locations/-/functions filter=environment%3D%22GEN_2%22
[debug] [2023-04-24T13:10:23.274Z] <<< [apiv2][status] GET https://cloudfunctions.googleapis.com/v2/projects/use-gol/locations/-/functions 200
[debug] [2023-04-24T13:10:23.275Z] <<< [apiv2][body] GET https://cloudfunctions.googleapis.com/v2/projects/use-gol/locations/-/functions {}
[info] i  functions: ensuring required API cloudscheduler.googleapis.com is enabled... 
[debug] [2023-04-24T13:10:23.281Z] >>> [apiv2][query] GET https://serviceusage.googleapis.com/v1/projects/use-gol/services/cloudscheduler.googleapis.com [none]
[debug] [2023-04-24T13:10:23.281Z] >>> [apiv2][(partial)header] GET https://serviceusage.googleapis.com/v1/projects/use-gol/services/cloudscheduler.googleapis.com x-goog-quota-user=projects/use-gol
[debug] [2023-04-24T13:10:23.784Z] <<< [apiv2][status] GET https://serviceusage.googleapis.com/v1/projects/use-gol/services/cloudscheduler.googleapis.com 200
[debug] [2023-04-24T13:10:23.784Z] <<< [apiv2][body] GET https://serviceusage.googleapis.com/v1/projects/use-gol/services/cloudscheduler.googleapis.com [omitted]
[warn] ⚠  functions: missing required API cloudscheduler.googleapis.com. Enabling now... 
[debug] [2023-04-24T13:10:23.786Z] >>> [apiv2][query] POST https://serviceusage.googleapis.com/v1/projects/use-gol/services/cloudscheduler.googleapis.com:enable [none]
[debug] [2023-04-24T13:10:23.786Z] >>> [apiv2][(partial)header] POST https://serviceusage.googleapis.com/v1/projects/use-gol/services/cloudscheduler.googleapis.com:enable x-goog-quota-user=projects/use-gol
[debug] [2023-04-24T13:10:24.419Z] <<< [apiv2][status] POST https://serviceusage.googleapis.com/v1/projects/use-gol/services/cloudscheduler.googleapis.com:enable 200
[debug] [2023-04-24T13:10:24.420Z] <<< [apiv2][body] POST https://serviceusage.googleapis.com/v1/projects/use-gol/services/cloudscheduler.googleapis.com:enable [omitted]
[debug] [2023-04-24T13:10:34.423Z] >>> [apiv2][query] GET https://serviceusage.googleapis.com/v1/projects/use-gol/services/cloudscheduler.googleapis.com [none]
[debug] [2023-04-24T13:10:34.424Z] >>> [apiv2][(partial)header] GET https://serviceusage.googleapis.com/v1/projects/use-gol/services/cloudscheduler.googleapis.com x-goog-quota-user=projects/use-gol
[debug] [2023-04-24T13:10:34.947Z] <<< [apiv2][status] GET https://serviceusage.googleapis.com/v1/projects/use-gol/services/cloudscheduler.googleapis.com 200
[debug] [2023-04-24T13:10:34.947Z] <<< [apiv2][body] GET https://serviceusage.googleapis.com/v1/projects/use-gol/services/cloudscheduler.googleapis.com [omitted]
[info] ✔  functions: required API cloudscheduler.googleapis.com is enabled 
[debug] [2023-04-24T13:10:34.953Z] >>> [apiv2][query] GET https://firebase.googleapis.com/v1beta1/projects/use-gol [none]
[debug] [2023-04-24T13:10:35.458Z] <<< [apiv2][status] GET https://firebase.googleapis.com/v1beta1/projects/use-gol 200
[debug] [2023-04-24T13:10:35.459Z] <<< [apiv2][body] GET https://firebase.googleapis.com/v1beta1/projects/use-gol {"projectId":"use-gol","projectNumber":"130570097756","displayName":"use gol","name":"projects/use-gol","resources":{"hostingSite":"use-gol"},"state":"ACTIVE","etag":"1_7d342f83-af22-4550-8d76-86bfca1afefd"}
[debug] [2023-04-24T13:10:35.461Z] >>> [apiv2][query] POST https://cloudfunctions.googleapis.com/v1/projects/use-gol/locations/us-central1/functions:generateUploadUrl [none]
[debug] [2023-04-24T13:10:35.462Z] >>> [apiv2][body] POST https://cloudfunctions.googleapis.com/v1/projects/use-gol/locations/us-central1/functions:generateUploadUrl {}
[debug] [2023-04-24T13:10:47.373Z] <<< [apiv2][status] POST https://cloudfunctions.googleapis.com/v1/projects/use-gol/locations/us-central1/functions:generateUploadUrl 200
[debug] [2023-04-24T13:10:47.373Z] <<< [apiv2][body] POST https://cloudfunctions.googleapis.com/v1/projects/use-gol/locations/us-central1/functions:generateUploadUrl {"uploadUrl":"https://storage.googleapis.com/uploads-564190393899.us-central1.cloudfunctions.appspot.com/83b8532c-c811-4314-a107-dbe1d1a8ab3f.zip?GoogleAccessId=service-130570097756@gcf-admin-robot.iam.gserviceaccount.com&Expires=1682343647&Signature=jzTXxZ2uf5NdhrFXqXkVigr8NGOHAcxExFHHQM7Q7UHh%2Fldt2Z7YeY63%2FPQFeuEKJV3UCt8vcAS9D47Mfc5mnFDbIOusqZ5%2BgclCukKLCHFuvVLTzxtAqZKW8l%2BRdVJ6tMg6JZx7YUhW6nUvp3SfkHkIp0IgPVK%2BUqQJEbCiX3NcTOJY8J1%2FzF1c02TeWsSj1oKGL0T0wuqeC0OpoiEmv5xirWntGkCeWtjsjy3ZNRV1eUS3g8VrlPabWET%2FZnXdSkxeT1lGCpminJ2xOJtmN8kkt0N7p1qcEQbE%2ByTfUeR3HOAvbGnpGOEmhrbwFPr7dWWqs4oNpdFhlfdtcP1SlQ%3D%3D"}
[debug] [2023-04-24T13:10:47.375Z] >>> [apiv2][query] PUT https://storage.googleapis.com/uploads-564190393899.us-central1.cloudfunctions.appspot.com/83b8532c-c811-4314-a107-dbe1d1a8ab3f.zip GoogleAccessId=service-130570097756%40gcf-admin-robot.iam.gserviceaccount.com&Expires=1682343647&Signature=jzTXxZ2uf5NdhrFXqXkVigr8NGOHAcxExFHHQM7Q7UHh%2Fldt2Z7YeY63%2FPQFeuEKJV3UCt8vcAS9D47Mfc5mnFDbIOusqZ5%2BgclCukKLCHFuvVLTzxtAqZKW8l%2BRdVJ6tMg6JZx7YUhW6nUvp3SfkHkIp0IgPVK%2BUqQJEbCiX3NcTOJY8J1%2FzF1c02TeWsSj1oKGL0T0wuqeC0OpoiEmv5xirWntGkCeWtjsjy3ZNRV1eUS3g8VrlPabWET%2FZnXdSkxeT1lGCpminJ2xOJtmN8kkt0N7p1qcEQbE%2ByTfUeR3HOAvbGnpGOEmhrbwFPr7dWWqs4oNpdFhlfdtcP1SlQ%3D%3D
[debug] [2023-04-24T13:10:47.375Z] >>> [apiv2][body] PUT https://storage.googleapis.com/uploads-564190393899.us-central1.cloudfunctions.appspot.com/83b8532c-c811-4314-a107-dbe1d1a8ab3f.zip [stream]
[debug] [2023-04-24T13:10:47.740Z] <<< [apiv2][status] PUT https://storage.googleapis.com/uploads-564190393899.us-central1.cloudfunctions.appspot.com/83b8532c-c811-4314-a107-dbe1d1a8ab3f.zip 200
[debug] [2023-04-24T13:10:47.740Z] <<< [apiv2][body] PUT https://storage.googleapis.com/uploads-564190393899.us-central1.cloudfunctions.appspot.com/83b8532c-c811-4314-a107-dbe1d1a8ab3f.zip [omitted]
[info] ✔  functions: functions folder uploaded successfully 
[info] i  functions: creating Node.js 16 function deleteOldCompletedGoals(us-central1)... 
[debug] [2023-04-24T13:10:47.745Z] >>> [apiv2][query] POST https://cloudfunctions.googleapis.com/v1/projects/use-gol/locations/us-central1/functions [none]
[debug] [2023-04-24T13:10:47.745Z] >>> [apiv2][body] POST https://cloudfunctions.googleapis.com/v1/projects/use-gol/locations/us-central1/functions {"name":"projects/use-gol/locations/us-central1/functions/deleteOldCompletedGoals","sourceUploadUrl":"https://storage.googleapis.com/uploads-564190393899.us-central1.cloudfunctions.appspot.com/83b8532c-c811-4314-a107-dbe1d1a8ab3f.zip?GoogleAccessId=service-130570097756@gcf-admin-robot.iam.gserviceaccount.com&Expires=1682343647&Signature=jzTXxZ2uf5NdhrFXqXkVigr8NGOHAcxExFHHQM7Q7UHh%2Fldt2Z7YeY63%2FPQFeuEKJV3UCt8vcAS9D47Mfc5mnFDbIOusqZ5%2BgclCukKLCHFuvVLTzxtAqZKW8l%2BRdVJ6tMg6JZx7YUhW6nUvp3SfkHkIp0IgPVK%2BUqQJEbCiX3NcTOJY8J1%2FzF1c02TeWsSj1oKGL0T0wuqeC0OpoiEmv5xirWntGkCeWtjsjy3ZNRV1eUS3g8VrlPabWET%2FZnXdSkxeT1lGCpminJ2xOJtmN8kkt0N7p1qcEQbE%2ByTfUeR3HOAvbGnpGOEmhrbwFPr7dWWqs4oNpdFhlfdtcP1SlQ%3D%3D","entryPoint":"deleteOldCompletedGoals","runtime":"nodejs16","dockerRegistry":"ARTIFACT_REGISTRY","labels":{"deployment-tool":"cli-firebase","deployment-scheduled":"true","firebase-functions-hash":"8757e6be0796ac2c0ab04252c33681900181c42e"},"eventTrigger":{"eventType":"google.pubsub.topic.publish","resource":"projects/use-gol/topics/firebase-schedule-deleteOldCompletedGoals-us-central1"},"minInstances":null,"maxInstances":null,"ingressSettings":null,"environmentVariables":{"FIREBASE_CONFIG":"{\"projectId\":\"use-gol\",\"storageBucket\":\"use-gol.appspot.com\"}","GCLOUD_PROJECT":"use-gol","EVENTARC_CLOUD_EVENT_SOURCE":"projects/use-gol/locations/us-central1/functions/deleteOldCompletedGoals"},"serviceAccountEmail":null,"availableMemoryMb":null,"timeout":null,"vpcConnector":null,"vpcConnectorEgressSettings":null}
[debug] [2023-04-24T13:10:49.185Z] <<< [apiv2][status] POST https://cloudfunctions.googleapis.com/v1/projects/use-gol/locations/us-central1/functions 403
[debug] [2023-04-24T13:10:49.185Z] <<< [apiv2][body] POST https://cloudfunctions.googleapis.com/v1/projects/use-gol/locations/us-central1/functions {"error":{"code":403,"message":"Unable to retrieve the repository metadata for projects/use-gol/locations/us-central1/repositories/gcf-artifacts. Ensure that the Cloud Functions service account has 'artifactregistry.repositories.list' and 'artifactregistry.repositories.get' permissions. You can add the permissions by granting the role 'roles/artifactregistry.reader'.","status":"PERMISSION_DENIED"}}
[warn] ⚠  functions: failed to create function projects/use-gol/locations/us-central1/functions/deleteOldCompletedGoals 
[error] Failed to create function projects/use-gol/locations/us-central1/functions/deleteOldCompletedGoals
[debug] [2023-04-24T13:10:49.194Z] Total Function Deployment time: 1446
[debug] [2023-04-24T13:10:49.194Z] 1 Functions Deployed
[debug] [2023-04-24T13:10:49.194Z] 1 Functions Errored
[debug] [2023-04-24T13:10:49.194Z] 0 Function Deployments Aborted
[debug] [2023-04-24T13:10:49.194Z] Average Function Deployment time: 1445
[info] 
[info] Functions deploy had errors with the following functions:
	deleteOldCompletedGoals(us-central1)
[info] i  functions: cleaning up build files... 
[debug] [2023-04-24T13:10:49.282Z] >>> [apiv2][query] DELETE https://artifactregistry.googleapis.com/v1beta2/projects/use-gol/locations/us-central1/repositories/gcf-artifacts/packages/delete_old_completed_goals [none]
[debug] [2023-04-24T13:10:49.283Z] >>> [apiv2][query] GET https://us.gcr.io/v2/use-gol/gcf/us-central1/tags/list [none]
[debug] [2023-04-24T13:10:49.707Z] <<< [apiv2][status] DELETE https://artifactregistry.googleapis.com/v1beta2/projects/use-gol/locations/us-central1/repositories/gcf-artifacts/packages/delete_old_completed_goals 404
[debug] [2023-04-24T13:10:49.707Z] <<< [apiv2][body] DELETE https://artifactregistry.googleapis.com/v1beta2/projects/use-gol/locations/us-central1/repositories/gcf-artifacts/packages/delete_old_completed_goals {"error":{"code":404,"message":"Package \"projects/use-gol/locations/us-central1/repositories/gcf-artifacts/packages/delete_old_completed_goals\" was not found.","status":"NOT_FOUND"}}
[debug] [2023-04-24T13:10:50.370Z] <<< [apiv2][status] GET https://us.gcr.io/v2/use-gol/gcf/us-central1/tags/list 200
[debug] [2023-04-24T13:10:50.370Z] <<< [apiv2][body] GET https://us.gcr.io/v2/use-gol/gcf/us-central1/tags/list {"child":[],"manifest":{},"name":"use-gol/gcf/us-central1","tags":[]}
[debug] [2023-04-24T13:10:50.372Z] Could not find image for function projects/use-gol/locations/us-central1/functions/deleteOldCompletedGoals
[debug] [2023-04-24T13:10:50.372Z] Functions deploy failed.
[debug] [2023-04-24T13:10:50.372Z] {
  "endpoint": {
    "id": "deleteOldCompletedGoals",
    "project": "use-gol",
    "region": "us-central1",
    "entryPoint": "deleteOldCompletedGoals",
    "platform": "gcfv1",
    "runtime": "nodejs16",
    "scheduleTrigger": {
      "schedule": "every 24 hours",
      "timeZone": null,
      "retryConfig": {
        "maxBackoffSeconds": null,
        "minBackoffSeconds": null,
        "maxRetrySeconds": null,
        "retryCount": null,
        "maxDoublings": null
      }
    },
    "labels": {
      "deployment-tool": "cli-firebase"
    },
    "serviceAccount": null,
    "ingressSettings": null,
    "availableMemoryMb": null,
    "timeoutSeconds": null,
    "maxInstances": null,
    "minInstances": null,
    "vpc": null,
    "environmentVariables": {
      "FIREBASE_CONFIG": "{\"projectId\":\"use-gol\",\"storageBucket\":\"use-gol.appspot.com\"}",
      "GCLOUD_PROJECT": "use-gol",
      "EVENTARC_CLOUD_EVENT_SOURCE": "projects/use-gol/locations/us-central1/functions/deleteOldCompletedGoals"
    },
    "codebase": "default",
    "targetedByOnly": false,
    "hash": "8757e6be0796ac2c0ab04252c33681900181c42e"
  },
  "op": "create",
  "original": {
    "name": "FirebaseError",
    "children": [],
    "context": {
      "function": "projects/use-gol/locations/us-central1/functions/deleteOldCompletedGoals"
    },
    "exit": 1,
    "message": "Failed to create function projects/use-gol/locations/us-central1/functions/deleteOldCompletedGoals",
    "original": {
      "name": "FirebaseError",
      "children": [],
      "context": {
        "body": {
          "error": {
            "code": 403,
            "message": "Unable to retrieve the repository metadata for projects/use-gol/locations/us-central1/repositories/gcf-artifacts. Ensure that the Cloud Functions service account has 'artifactregistry.repositories.list' and 'artifactregistry.repositories.get' permissions. You can add the permissions by granting the role 'roles/artifactregistry.reader'.",
            "status": "PERMISSION_DENIED"
          }
        },
        "response": {
          "statusCode": 403
        }
      },
      "exit": 1,
      "message": "HTTP Error: 403, Unable to retrieve the repository metadata for projects/use-gol/locations/us-central1/repositories/gcf-artifacts. Ensure that the Cloud Functions service account has 'artifactregistry.repositories.list' and 'artifactregistry.repositories.get' permissions. You can add the permissions by granting the role 'roles/artifactregistry.reader'.",
      "status": 403
    },
    "status": 403
  }
}
[debug] [2023-04-24T13:10:50.460Z] Error: Failed to create function deleteOldCompletedGoals in region us-central1
    at /Users/elvinatwine/.nvm/versions/node/v16.19.0/lib/node_modules/firebase-tools/lib/deploy/functions/release/fabricator.js:48:11
    at processTicksAndRejections (node:internal/process/task_queues:96:5)
    at async Fabricator.createV1Function (/Users/elvinatwine/.nvm/versions/node/v16.19.0/lib/node_modules/firebase-tools/lib/deploy/functions/release/fabricator.js:177:32)
    at async Fabricator.createEndpoint (/Users/elvinatwine/.nvm/versions/node/v16.19.0/lib/node_modules/firebase-tools/lib/deploy/functions/release/fabricator.js:129:13)
    at async handle (/Users/elvinatwine/.nvm/versions/node/v16.19.0/lib/node_modules/firebase-tools/lib/deploy/functions/release/fabricator.js:85:17)
[error] 
[error] Error: There was an error deploying functions
[debug] [2023-04-24T13:12:41.124Z] ----------------------------------------------------------------------
[debug] [2023-04-24T13:12:41.125Z] Command:       /Users/elvinatwine/.nvm/versions/node/v16.19.0/bin/node /Users/elvinatwine/.nvm/versions/node/v16.19.0/bin/firebase deploy --only functions --debug
[debug] [2023-04-24T13:12:41.125Z] CLI Version:   11.25.3
[debug] [2023-04-24T13:12:41.125Z] Platform:      darwin
[debug] [2023-04-24T13:12:41.125Z] Node Version:  v16.19.0
[debug] [2023-04-24T13:12:41.126Z] Time:          Mon Apr 24 2023 06:12:41 GMT-0700 (Pacific Daylight Time)
[debug] [2023-04-24T13:12:41.126Z] ----------------------------------------------------------------------
[debug] 
[debug] [2023-04-24T13:12:41.163Z] > command requires scopes: ["email","openid","https://www.googleapis.com/auth/cloudplatformprojects.readonly","https://www.googleapis.com/auth/firebase","https://www.googleapis.com/auth/cloud-platform"]
[debug] [2023-04-24T13:12:41.164Z] > authorizing via signed-in user (elivnatwiine@gmail.com)
[debug] [2023-04-24T13:12:41.164Z] [iam] checking project use-gol for permissions ["cloudfunctions.functions.create","cloudfunctions.functions.delete","cloudfunctions.functions.get","cloudfunctions.functions.list","cloudfunctions.functions.update","cloudfunctions.operations.get","firebase.projects.get"]
[debug] [2023-04-24T13:12:41.165Z] >>> [apiv2][query] POST https://cloudresourcemanager.googleapis.com/v1/projects/use-gol:testIamPermissions [none]
[debug] [2023-04-24T13:12:41.165Z] >>> [apiv2][(partial)header] POST https://cloudresourcemanager.googleapis.com/v1/projects/use-gol:testIamPermissions x-goog-quota-user=projects/use-gol
[debug] [2023-04-24T13:12:41.165Z] >>> [apiv2][body] POST https://cloudresourcemanager.googleapis.com/v1/projects/use-gol:testIamPermissions {"permissions":["cloudfunctions.functions.create","cloudfunctions.functions.delete","cloudfunctions.functions.get","cloudfunctions.functions.list","cloudfunctions.functions.update","cloudfunctions.operations.get","firebase.projects.get"]}
[debug] [2023-04-24T13:12:41.319Z] <<< [apiv2][status] POST https://cloudresourcemanager.googleapis.com/v1/projects/use-gol:testIamPermissions 200
[debug] [2023-04-24T13:12:41.320Z] <<< [apiv2][body] POST https://cloudresourcemanager.googleapis.com/v1/projects/use-gol:testIamPermissions {"permissions":["cloudfunctions.functions.create","cloudfunctions.functions.delete","cloudfunctions.functions.get","cloudfunctions.functions.list","cloudfunctions.functions.update","cloudfunctions.operations.get","firebase.projects.get"]}
[debug] [2023-04-24T13:12:41.320Z] >>> [apiv2][query] POST https://iam.googleapis.com/v1/projects/use-gol/serviceAccounts/use-gol@appspot.gserviceaccount.com:testIamPermissions [none]
[debug] [2023-04-24T13:12:41.320Z] >>> [apiv2][body] POST https://iam.googleapis.com/v1/projects/use-gol/serviceAccounts/use-gol@appspot.gserviceaccount.com:testIamPermissions {"permissions":["iam.serviceAccounts.actAs"]}
[debug] [2023-04-24T13:12:41.545Z] <<< [apiv2][status] POST https://iam.googleapis.com/v1/projects/use-gol/serviceAccounts/use-gol@appspot.gserviceaccount.com:testIamPermissions 200
[debug] [2023-04-24T13:12:41.545Z] <<< [apiv2][body] POST https://iam.googleapis.com/v1/projects/use-gol/serviceAccounts/use-gol@appspot.gserviceaccount.com:testIamPermissions {"permissions":["iam.serviceAccounts.actAs"]}
[info] 
[info] === Deploying to 'use-gol'...
[info] 
[info] i  deploying functions 
[debug] [2023-04-24T13:12:41.549Z] >>> [apiv2][query] GET https://firebase.googleapis.com/v1beta1/projects/use-gol [none]
[debug] [2023-04-24T13:12:42.009Z] <<< [apiv2][status] GET https://firebase.googleapis.com/v1beta1/projects/use-gol 200
[debug] [2023-04-24T13:12:42.009Z] <<< [apiv2][body] GET https://firebase.googleapis.com/v1beta1/projects/use-gol {"projectId":"use-gol","projectNumber":"130570097756","displayName":"use gol","name":"projects/use-gol","resources":{"hostingSite":"use-gol"},"state":"ACTIVE","etag":"1_7d342f83-af22-4550-8d76-86bfca1afefd"}
[info] i  functions: preparing codebase default for deployment 
[info] i  functions: ensuring required API cloudfunctions.googleapis.com is enabled... 
[info] i  functions: ensuring required API cloudbuild.googleapis.com is enabled... 
[info] i  artifactregistry: ensuring required API artifactregistry.googleapis.com is enabled... 
[debug] [2023-04-24T13:12:42.011Z] >>> [apiv2][query] GET https://serviceusage.googleapis.com/v1/projects/use-gol/services/cloudfunctions.googleapis.com [none]
[debug] [2023-04-24T13:12:42.011Z] >>> [apiv2][(partial)header] GET https://serviceusage.googleapis.com/v1/projects/use-gol/services/cloudfunctions.googleapis.com x-goog-quota-user=projects/use-gol
[debug] [2023-04-24T13:12:42.013Z] >>> [apiv2][query] GET https://serviceusage.googleapis.com/v1/projects/use-gol/services/runtimeconfig.googleapis.com [none]
[debug] [2023-04-24T13:12:42.013Z] >>> [apiv2][(partial)header] GET https://serviceusage.googleapis.com/v1/projects/use-gol/services/runtimeconfig.googleapis.com x-goog-quota-user=projects/use-gol
[debug] [2023-04-24T13:12:42.014Z] >>> [apiv2][query] GET https://serviceusage.googleapis.com/v1/projects/use-gol/services/cloudbuild.googleapis.com [none]
[debug] [2023-04-24T13:12:42.014Z] >>> [apiv2][(partial)header] GET https://serviceusage.googleapis.com/v1/projects/use-gol/services/cloudbuild.googleapis.com x-goog-quota-user=projects/use-gol
[debug] [2023-04-24T13:12:42.015Z] >>> [apiv2][query] GET https://serviceusage.googleapis.com/v1/projects/use-gol/services/artifactregistry.googleapis.com [none]
[debug] [2023-04-24T13:12:42.015Z] >>> [apiv2][(partial)header] GET https://serviceusage.googleapis.com/v1/projects/use-gol/services/artifactregistry.googleapis.com x-goog-quota-user=projects/use-gol
[debug] [2023-04-24T13:12:42.440Z] <<< [apiv2][status] GET https://serviceusage.googleapis.com/v1/projects/use-gol/services/artifactregistry.googleapis.com 200
[debug] [2023-04-24T13:12:42.440Z] <<< [apiv2][body] GET https://serviceusage.googleapis.com/v1/projects/use-gol/services/artifactregistry.googleapis.com [omitted]
[info] ✔  artifactregistry: required API artifactregistry.googleapis.com is enabled 
[debug] [2023-04-24T13:12:42.441Z] <<< [apiv2][status] GET https://serviceusage.googleapis.com/v1/projects/use-gol/services/cloudfunctions.googleapis.com 200
[debug] [2023-04-24T13:12:42.442Z] <<< [apiv2][body] GET https://serviceusage.googleapis.com/v1/projects/use-gol/services/cloudfunctions.googleapis.com [omitted]
[info] ✔  functions: required API cloudfunctions.googleapis.com is enabled 
[debug] [2023-04-24T13:12:42.453Z] <<< [apiv2][status] GET https://serviceusage.googleapis.com/v1/projects/use-gol/services/cloudbuild.googleapis.com 200
[debug] [2023-04-24T13:12:42.454Z] <<< [apiv2][body] GET https://serviceusage.googleapis.com/v1/projects/use-gol/services/cloudbuild.googleapis.com [omitted]
[info] ✔  functions: required API cloudbuild.googleapis.com is enabled 
[debug] [2023-04-24T13:12:42.465Z] <<< [apiv2][status] GET https://serviceusage.googleapis.com/v1/projects/use-gol/services/runtimeconfig.googleapis.com 200
[debug] [2023-04-24T13:12:42.465Z] <<< [apiv2][body] GET https://serviceusage.googleapis.com/v1/projects/use-gol/services/runtimeconfig.googleapis.com [omitted]
[debug] [2023-04-24T13:12:42.465Z] >>> [apiv2][query] GET https://firebase.googleapis.com/v1beta1/projects/use-gol/adminSdkConfig [none]
[debug] [2023-04-24T13:12:42.882Z] <<< [apiv2][status] GET https://firebase.googleapis.com/v1beta1/projects/use-gol/adminSdkConfig 200
[debug] [2023-04-24T13:12:42.883Z] <<< [apiv2][body] GET https://firebase.googleapis.com/v1beta1/projects/use-gol/adminSdkConfig {"projectId":"use-gol","storageBucket":"use-gol.appspot.com"}
[debug] [2023-04-24T13:12:42.884Z] >>> [apiv2][query] GET https://runtimeconfig.googleapis.com/v1beta1/projects/use-gol/configs [none]
[debug] [2023-04-24T13:12:43.072Z] <<< [apiv2][status] GET https://runtimeconfig.googleapis.com/v1beta1/projects/use-gol/configs 200
[debug] [2023-04-24T13:12:43.073Z] <<< [apiv2][body] GET https://runtimeconfig.googleapis.com/v1beta1/projects/use-gol/configs {}
[debug] [2023-04-24T13:12:43.075Z] Validating nodejs source
[debug] [2023-04-24T13:12:43.471Z] > [functions] package.json contents: {
  "name": "functions",
  "description": "Cloud Functions for Firebase",
  "scripts": {
    "serve": "firebase emulators:start --only functions",
    "shell": "firebase functions:shell",
    "start": "npm run shell",
    "deploy": "firebase deploy --only functions",
    "logs": "firebase functions:log"
  },
  "engines": {
    "node": "16"
  },
  "main": "index.js",
  "dependencies": {
    "firebase-admin": "^11.5.0",
    "firebase-functions": "^4.2.0"
  },
  "devDependencies": {
    "firebase-functions-test": "^3.0.0"
  },
  "private": true
}
[debug] [2023-04-24T13:12:43.472Z] Building nodejs source
[debug] [2023-04-24T13:12:43.472Z] Could not find functions.yaml. Must use http discovery
[debug] [2023-04-24T13:12:43.478Z] Found firebase-functions binary at '/Users/elvinatwine/Desktop/gol/functions/node_modules/.bin/firebase-functions'
[debug] [2023-04-24T13:12:43.566Z] Serving at port 8408

[debug] [2023-04-24T13:12:43.688Z] Got response from /__/functions.yaml {"endpoints":{"deleteOldCompletedGoals":{"platform":"gcfv1","availableMemoryMb":null,"timeoutSeconds":null,"minInstances":null,"maxInstances":null,"ingressSettings":null,"serviceAccountEmail":null,"vpc":null,"scheduleTrigger":{"schedule":"every 24 hours","retryConfig":{"retryCount":null,"maxDoublings":null,"maxRetryDuration":null,"maxBackoffDuration":null,"minBackoffDuration":null},"timeZone":null},"labels":{},"entryPoint":"deleteOldCompletedGoals"}},"specVersion":"v1alpha1","requiredAPIs":[{"api":"cloudscheduler.googleapis.com","reason":"Needed for scheduled functions."}]}
[debug] [2023-04-24T13:12:43.692Z] shutdown requested via /__/quitquitquit

[info] i  functions: preparing functions directory for uploading... 
[info] i  functions: packaged /Users/elvinatwine/Desktop/gol/functions (126.46 KB) for uploading 
[debug] [2023-04-24T13:12:43.716Z] >>> [apiv2][query] GET https://cloudfunctions.googleapis.com/v1/projects/use-gol/locations/-/functions [none]
[debug] [2023-04-24T13:12:44.153Z] <<< [apiv2][status] GET https://cloudfunctions.googleapis.com/v1/projects/use-gol/locations/-/functions 200
[debug] [2023-04-24T13:12:44.153Z] <<< [apiv2][body] GET https://cloudfunctions.googleapis.com/v1/projects/use-gol/locations/-/functions {}
[debug] [2023-04-24T13:12:44.153Z] >>> [apiv2][query] GET https://cloudfunctions.googleapis.com/v2/projects/use-gol/locations/-/functions filter=environment%3D%22GEN_2%22
[debug] [2023-04-24T13:12:44.833Z] <<< [apiv2][status] GET https://cloudfunctions.googleapis.com/v2/projects/use-gol/locations/-/functions 200
[debug] [2023-04-24T13:12:44.834Z] <<< [apiv2][body] GET https://cloudfunctions.googleapis.com/v2/projects/use-gol/locations/-/functions {}
[info] i  functions: ensuring required API cloudscheduler.googleapis.com is enabled... 
[debug] [2023-04-24T13:12:44.840Z] >>> [apiv2][query] GET https://serviceusage.googleapis.com/v1/projects/use-gol/services/cloudscheduler.googleapis.com [none]
[debug] [2023-04-24T13:12:44.840Z] >>> [apiv2][(partial)header] GET https://serviceusage.googleapis.com/v1/projects/use-gol/services/cloudscheduler.googleapis.com x-goog-quota-user=projects/use-gol
[debug] [2023-04-24T13:12:45.285Z] <<< [apiv2][status] GET https://serviceusage.googleapis.com/v1/projects/use-gol/services/cloudscheduler.googleapis.com 200
[debug] [2023-04-24T13:12:45.285Z] <<< [apiv2][body] GET https://serviceusage.googleapis.com/v1/projects/use-gol/services/cloudscheduler.googleapis.com [omitted]
[info] ✔  functions: required API cloudscheduler.googleapis.com is enabled 
[debug] [2023-04-24T13:12:45.289Z] >>> [apiv2][query] GET https://firebase.googleapis.com/v1beta1/projects/use-gol [none]
[debug] [2023-04-24T13:12:45.696Z] <<< [apiv2][status] GET https://firebase.googleapis.com/v1beta1/projects/use-gol 200
[debug] [2023-04-24T13:12:45.697Z] <<< [apiv2][body] GET https://firebase.googleapis.com/v1beta1/projects/use-gol {"projectId":"use-gol","projectNumber":"130570097756","displayName":"use gol","name":"projects/use-gol","resources":{"hostingSite":"use-gol"},"state":"ACTIVE","etag":"1_7d342f83-af22-4550-8d76-86bfca1afefd"}
[debug] [2023-04-24T13:12:45.699Z] >>> [apiv2][query] POST https://cloudfunctions.googleapis.com/v1/projects/use-gol/locations/us-central1/functions:generateUploadUrl [none]
[debug] [2023-04-24T13:12:45.699Z] >>> [apiv2][body] POST https://cloudfunctions.googleapis.com/v1/projects/use-gol/locations/us-central1/functions:generateUploadUrl {}
[debug] [2023-04-24T13:12:46.181Z] <<< [apiv2][status] POST https://cloudfunctions.googleapis.com/v1/projects/use-gol/locations/us-central1/functions:generateUploadUrl 200
[debug] [2023-04-24T13:12:46.181Z] <<< [apiv2][body] POST https://cloudfunctions.googleapis.com/v1/projects/use-gol/locations/us-central1/functions:generateUploadUrl {"uploadUrl":"https://storage.googleapis.com/uploads-564190393899.us-central1.cloudfunctions.appspot.com/e08f03ad-b6eb-40df-92e8-bcb098a35132.zip?GoogleAccessId=service-130570097756@gcf-admin-robot.iam.gserviceaccount.com&Expires=1682343766&Signature=Vi2V5BLHcwuOAOsMkaDNwW%2FVfW%2FoB68RsOR3bAM58YfN9xx1z65WGRvdaYw1qOTH3w2iSKGFCoTuAavTPVXxLm3%2BUwk4tB7GQvxcGPunjh9A2UruYfuINYwCcz3VI8dnJOMCUPjTIJDsrcln%2FlER9P7Fj5L80x7SUKWONE7%2Fxuc0mJv43fs%2Ficd%2Bn%2BJUM7SbFyCILjGaNKB2MWsORX%2Bg1%2B%2BWVDaYd2zh9MpIcqNCjO5QPQzCGPipJGDgX8DNzGCIkrLTnFmBFWoHi%2BHCG%2FUeHs2um%2Ft5Rn4EnMn6beks%2FI9BdCYOxjnCujOK4eVB9HOnLMJHQ31l0oW13B5xTL8d7Q%3D%3D"}
[debug] [2023-04-24T13:12:46.183Z] >>> [apiv2][query] PUT https://storage.googleapis.com/uploads-564190393899.us-central1.cloudfunctions.appspot.com/e08f03ad-b6eb-40df-92e8-bcb098a35132.zip GoogleAccessId=service-130570097756%40gcf-admin-robot.iam.gserviceaccount.com&Expires=1682343766&Signature=Vi2V5BLHcwuOAOsMkaDNwW%2FVfW%2FoB68RsOR3bAM58YfN9xx1z65WGRvdaYw1qOTH3w2iSKGFCoTuAavTPVXxLm3%2BUwk4tB7GQvxcGPunjh9A2UruYfuINYwCcz3VI8dnJOMCUPjTIJDsrcln%2FlER9P7Fj5L80x7SUKWONE7%2Fxuc0mJv43fs%2Ficd%2Bn%2BJUM7SbFyCILjGaNKB2MWsORX%2Bg1%2B%2BWVDaYd2zh9MpIcqNCjO5QPQzCGPipJGDgX8DNzGCIkrLTnFmBFWoHi%2BHCG%2FUeHs2um%2Ft5Rn4EnMn6beks%2FI9BdCYOxjnCujOK4eVB9HOnLMJHQ31l0oW13B5xTL8d7Q%3D%3D
[debug] [2023-04-24T13:12:46.183Z] >>> [apiv2][body] PUT https://storage.googleapis.com/uploads-564190393899.us-central1.cloudfunctions.appspot.com/e08f03ad-b6eb-40df-92e8-bcb098a35132.zip [stream]
[debug] [2023-04-24T13:12:46.415Z] <<< [apiv2][status] PUT https://storage.googleapis.com/uploads-564190393899.us-central1.cloudfunctions.appspot.com/e08f03ad-b6eb-40df-92e8-bcb098a35132.zip 200
[debug] [2023-04-24T13:12:46.416Z] <<< [apiv2][body] PUT https://storage.googleapis.com/uploads-564190393899.us-central1.cloudfunctions.appspot.com/e08f03ad-b6eb-40df-92e8-bcb098a35132.zip [omitted]
[info] ✔  functions: functions folder uploaded successfully 
[info] i  functions: creating Node.js 16 function deleteOldCompletedGoals(us-central1)... 
[debug] [2023-04-24T13:12:46.419Z] >>> [apiv2][query] POST https://cloudfunctions.googleapis.com/v1/projects/use-gol/locations/us-central1/functions [none]
[debug] [2023-04-24T13:12:46.419Z] >>> [apiv2][body] POST https://cloudfunctions.googleapis.com/v1/projects/use-gol/locations/us-central1/functions {"name":"projects/use-gol/locations/us-central1/functions/deleteOldCompletedGoals","sourceUploadUrl":"https://storage.googleapis.com/uploads-564190393899.us-central1.cloudfunctions.appspot.com/e08f03ad-b6eb-40df-92e8-bcb098a35132.zip?GoogleAccessId=service-130570097756@gcf-admin-robot.iam.gserviceaccount.com&Expires=1682343766&Signature=Vi2V5BLHcwuOAOsMkaDNwW%2FVfW%2FoB68RsOR3bAM58YfN9xx1z65WGRvdaYw1qOTH3w2iSKGFCoTuAavTPVXxLm3%2BUwk4tB7GQvxcGPunjh9A2UruYfuINYwCcz3VI8dnJOMCUPjTIJDsrcln%2FlER9P7Fj5L80x7SUKWONE7%2Fxuc0mJv43fs%2Ficd%2Bn%2BJUM7SbFyCILjGaNKB2MWsORX%2Bg1%2B%2BWVDaYd2zh9MpIcqNCjO5QPQzCGPipJGDgX8DNzGCIkrLTnFmBFWoHi%2BHCG%2FUeHs2um%2Ft5Rn4EnMn6beks%2FI9BdCYOxjnCujOK4eVB9HOnLMJHQ31l0oW13B5xTL8d7Q%3D%3D","entryPoint":"deleteOldCompletedGoals","runtime":"nodejs16","dockerRegistry":"ARTIFACT_REGISTRY","labels":{"deployment-tool":"cli-firebase","deployment-scheduled":"true","firebase-functions-hash":"8757e6be0796ac2c0ab04252c33681900181c42e"},"eventTrigger":{"eventType":"google.pubsub.topic.publish","resource":"projects/use-gol/topics/firebase-schedule-deleteOldCompletedGoals-us-central1"},"minInstances":null,"maxInstances":null,"ingressSettings":null,"environmentVariables":{"FIREBASE_CONFIG":"{\"projectId\":\"use-gol\",\"storageBucket\":\"use-gol.appspot.com\"}","GCLOUD_PROJECT":"use-gol","EVENTARC_CLOUD_EVENT_SOURCE":"projects/use-gol/locations/us-central1/functions/deleteOldCompletedGoals"},"serviceAccountEmail":null,"availableMemoryMb":null,"timeout":null,"vpcConnector":null,"vpcConnectorEgressSettings":null}
[debug] [2023-04-24T13:12:46.908Z] <<< [apiv2][status] POST https://cloudfunctions.googleapis.com/v1/projects/use-gol/locations/us-central1/functions 200
[debug] [2023-04-24T13:12:46.908Z] <<< [apiv2][body] POST https://cloudfunctions.googleapis.com/v1/projects/use-gol/locations/us-central1/functions {"name":"operations/dXNlLWdvbC91cy1jZW50cmFsMS9kZWxldGVPbGRDb21wbGV0ZWRHb2Fscy9SWldFMHdhOU9JNA","metadata":{"@type":"type.googleapis.com/google.cloud.functions.v1.OperationMetadataV1","target":"projects/use-gol/locations/us-central1/functions/deleteOldCompletedGoals","type":"CREATE_FUNCTION","request":{"@type":"type.googleapis.com/google.cloud.functions.v1.CloudFunction","name":"projects/use-gol/locations/us-central1/functions/deleteOldCompletedGoals","eventTrigger":{"eventType":"google.pubsub.topic.publish","resource":"projects/use-gol/topics/firebase-schedule-deleteOldCompletedGoals-us-central1"},"entryPoint":"deleteOldCompletedGoals","labels":{"deployment-tool":"cli-firebase","deployment-scheduled":"true","firebase-functions-hash":"8757e6be0796ac2c0ab04252c33681900181c42e"},"sourceUploadUrl":"https://storage.googleapis.com/uploads-564190393899.us-central1.cloudfunctions.appspot.com/e08f03ad-b6eb-40df-92e8-bcb098a35132.zip?GoogleAccessId=service-130570097756@gcf-admin-robot.iam.gserviceaccount.com&Expires=1682343766&Signature=Vi2V5BLHcwuOAOsMkaDNwW%2FVfW%2FoB68RsOR3bAM58YfN9xx1z65WGRvdaYw1qOTH3w2iSKGFCoTuAavTPVXxLm3%2BUwk4tB7GQvxcGPunjh9A2UruYfuINYwCcz3VI8dnJOMCUPjTIJDsrcln%2FlER9P7Fj5L80x7SUKWONE7%2Fxuc0mJv43fs%2Ficd%2Bn%2BJUM7SbFyCILjGaNKB2MWsORX%2Bg1%2B%2BWVDaYd2zh9MpIcqNCjO5QPQzCGPipJGDgX8DNzGCIkrLTnFmBFWoHi%2BHCG%2FUeHs2um%2Ft5Rn4EnMn6beks%2FI9BdCYOxjnCujOK4eVB9HOnLMJHQ31l0oW13B5xTL8d7Q%3D%3D","environmentVariables":{"FIREBASE_CONFIG":"{\"projectId\":\"use-gol\",\"storageBucket\":\"use-gol.appspot.com\"}","GCLOUD_PROJECT":"use-gol","EVENTARC_CLOUD_EVENT_SOURCE":"projects/use-gol/locations/us-central1/functions/deleteOldCompletedGoals"},"runtime":"nodejs16","dockerRegistry":"ARTIFACT_REGISTRY"},"versionId":"1","updateTime":"2023-04-24T13:12:46Z"}}
[debug] [2023-04-24T13:12:46.910Z] >>> [apiv2][query] GET https://cloudfunctions.googleapis.com/v1/operations/dXNlLWdvbC91cy1jZW50cmFsMS9kZWxldGVPbGRDb21wbGV0ZWRHb2Fscy9SWldFMHdhOU9JNA [none]
[debug] [2023-04-24T13:12:47.117Z] <<< [apiv2][status] GET https://cloudfunctions.googleapis.com/v1/operations/dXNlLWdvbC91cy1jZW50cmFsMS9kZWxldGVPbGRDb21wbGV0ZWRHb2Fscy9SWldFMHdhOU9JNA 200
[debug] [2023-04-24T13:12:47.117Z] <<< [apiv2][body] GET https://cloudfunctions.googleapis.com/v1/operations/dXNlLWdvbC91cy1jZW50cmFsMS9kZWxldGVPbGRDb21wbGV0ZWRHb2Fscy9SWldFMHdhOU9JNA {"name":"operations/dXNlLWdvbC91cy1jZW50cmFsMS9kZWxldGVPbGRDb21wbGV0ZWRHb2Fscy9SWldFMHdhOU9JNA","metadata":{"@type":"type.googleapis.com/google.cloud.functions.v1.OperationMetadataV1","target":"projects/use-gol/locations/us-central1/functions/deleteOldCompletedGoals","type":"CREATE_FUNCTION","request":{"@type":"type.googleapis.com/google.cloud.functions.v1.CloudFunction","name":"projects/use-gol/locations/us-central1/functions/deleteOldCompletedGoals","eventTrigger":{"eventType":"google.pubsub.topic.publish","resource":"projects/use-gol/topics/firebase-schedule-deleteOldCompletedGoals-us-central1"},"entryPoint":"deleteOldCompletedGoals","labels":{"deployment-tool":"cli-firebase","deployment-scheduled":"true","firebase-functions-hash":"8757e6be0796ac2c0ab04252c33681900181c42e"},"sourceUploadUrl":"https://storage.googleapis.com/uploads-564190393899.us-central1.cloudfunctions.appspot.com/e08f03ad-b6eb-40df-92e8-bcb098a35132.zip?GoogleAccessId=service-130570097756@gcf-admin-robot.iam.gserviceaccount.com&Expires=1682343766&Signature=Vi2V5BLHcwuOAOsMkaDNwW%2FVfW%2FoB68RsOR3bAM58YfN9xx1z65WGRvdaYw1qOTH3w2iSKGFCoTuAavTPVXxLm3%2BUwk4tB7GQvxcGPunjh9A2UruYfuINYwCcz3VI8dnJOMCUPjTIJDsrcln%2FlER9P7Fj5L80x7SUKWONE7%2Fxuc0mJv43fs%2Ficd%2Bn%2BJUM7SbFyCILjGaNKB2MWsORX%2Bg1%2B%2BWVDaYd2zh9MpIcqNCjO5QPQzCGPipJGDgX8DNzGCIkrLTnFmBFWoHi%2BHCG%2FUeHs2um%2Ft5Rn4EnMn6beks%2FI9BdCYOxjnCujOK4eVB9HOnLMJHQ31l0oW13B5xTL8d7Q%3D%3D","environmentVariables":{"FIREBASE_CONFIG":"{\"projectId\":\"use-gol\",\"storageBucket\":\"use-gol.appspot.com\"}","GCLOUD_PROJECT":"use-gol","EVENTARC_CLOUD_EVENT_SOURCE":"projects/use-gol/locations/us-central1/functions/deleteOldCompletedGoals"},"runtime":"nodejs16","dockerRegistry":"ARTIFACT_REGISTRY"},"versionId":"1","updateTime":"2023-04-24T13:12:47Z"}}
[debug] [2023-04-24T13:12:47.620Z] [create-default-us-central1-deleteOldCompletedGoals] Retrying task index 0
[debug] [2023-04-24T13:12:47.624Z] >>> [apiv2][query] GET https://cloudfunctions.googleapis.com/v1/operations/dXNlLWdvbC91cy1jZW50cmFsMS9kZWxldGVPbGRDb21wbGV0ZWRHb2Fscy9SWldFMHdhOU9JNA [none]
[debug] [2023-04-24T13:12:47.836Z] <<< [apiv2][status] GET https://cloudfunctions.googleapis.com/v1/operations/dXNlLWdvbC91cy1jZW50cmFsMS9kZWxldGVPbGRDb21wbGV0ZWRHb2Fscy9SWldFMHdhOU9JNA 200
[debug] [2023-04-24T13:12:47.837Z] <<< [apiv2][body] GET https://cloudfunctions.googleapis.com/v1/operations/dXNlLWdvbC91cy1jZW50cmFsMS9kZWxldGVPbGRDb21wbGV0ZWRHb2Fscy9SWldFMHdhOU9JNA {"name":"operations/dXNlLWdvbC91cy1jZW50cmFsMS9kZWxldGVPbGRDb21wbGV0ZWRHb2Fscy9SWldFMHdhOU9JNA","metadata":{"@type":"type.googleapis.com/google.cloud.functions.v1.OperationMetadataV1","target":"projects/use-gol/locations/us-central1/functions/deleteOldCompletedGoals","type":"CREATE_FUNCTION","request":{"@type":"type.googleapis.com/google.cloud.functions.v1.CloudFunction","name":"projects/use-gol/locations/us-central1/functions/deleteOldCompletedGoals","eventTrigger":{"eventType":"google.pubsub.topic.publish","resource":"projects/use-gol/topics/firebase-schedule-deleteOldCompletedGoals-us-central1"},"entryPoint":"deleteOldCompletedGoals","labels":{"deployment-tool":"cli-firebase","deployment-scheduled":"true","firebase-functions-hash":"8757e6be0796ac2c0ab04252c33681900181c42e"},"sourceUploadUrl":"https://storage.googleapis.com/uploads-564190393899.us-central1.cloudfunctions.appspot.com/e08f03ad-b6eb-40df-92e8-bcb098a35132.zip?GoogleAccessId=service-130570097756@gcf-admin-robot.iam.gserviceaccount.com&Expires=1682343766&Signature=Vi2V5BLHcwuOAOsMkaDNwW%2FVfW%2FoB68RsOR3bAM58YfN9xx1z65WGRvdaYw1qOTH3w2iSKGFCoTuAavTPVXxLm3%2BUwk4tB7GQvxcGPunjh9A2UruYfuINYwCcz3VI8dnJOMCUPjTIJDsrcln%2FlER9P7Fj5L80x7SUKWONE7%2Fxuc0mJv43fs%2Ficd%2Bn%2BJUM7SbFyCILjGaNKB2MWsORX%2Bg1%2B%2BWVDaYd2zh9MpIcqNCjO5QPQzCGPipJGDgX8DNzGCIkrLTnFmBFWoHi%2BHCG%2FUeHs2um%2Ft5Rn4EnMn6beks%2FI9BdCYOxjnCujOK4eVB9HOnLMJHQ31l0oW13B5xTL8d7Q%3D%3D","environmentVariables":{"FIREBASE_CONFIG":"{\"projectId\":\"use-gol\",\"storageBucket\":\"use-gol.appspot.com\"}","GCLOUD_PROJECT":"use-gol","EVENTARC_CLOUD_EVENT_SOURCE":"projects/use-gol/locations/us-central1/functions/deleteOldCompletedGoals"},"runtime":"nodejs16","dockerRegistry":"ARTIFACT_REGISTRY"},"versionId":"1","updateTime":"2023-04-24T13:12:47Z"}}
[debug] [2023-04-24T13:12:48.838Z] [create-default-us-central1-deleteOldCompletedGoals] Retrying task index 0
[debug] [2023-04-24T13:12:48.838Z] >>> [apiv2][query] GET https://cloudfunctions.googleapis.com/v1/operations/dXNlLWdvbC91cy1jZW50cmFsMS9kZWxldGVPbGRDb21wbGV0ZWRHb2Fscy9SWldFMHdhOU9JNA [none]
[debug] [2023-04-24T13:12:49.003Z] <<< [apiv2][status] GET https://cloudfunctions.googleapis.com/v1/operations/dXNlLWdvbC91cy1jZW50cmFsMS9kZWxldGVPbGRDb21wbGV0ZWRHb2Fscy9SWldFMHdhOU9JNA 200
[debug] [2023-04-24T13:12:49.003Z] <<< [apiv2][body] GET https://cloudfunctions.googleapis.com/v1/operations/dXNlLWdvbC91cy1jZW50cmFsMS9kZWxldGVPbGRDb21wbGV0ZWRHb2Fscy9SWldFMHdhOU9JNA {"name":"operations/dXNlLWdvbC91cy1jZW50cmFsMS9kZWxldGVPbGRDb21wbGV0ZWRHb2Fscy9SWldFMHdhOU9JNA","metadata":{"@type":"type.googleapis.com/google.cloud.functions.v1.OperationMetadataV1","target":"projects/use-gol/locations/us-central1/functions/deleteOldCompletedGoals","type":"CREATE_FUNCTION","request":{"@type":"type.googleapis.com/google.cloud.functions.v1.CloudFunction","name":"projects/use-gol/locations/us-central1/functions/deleteOldCompletedGoals","eventTrigger":{"eventType":"google.pubsub.topic.publish","resource":"projects/use-gol/topics/firebase-schedule-deleteOldCompletedGoals-us-central1"},"entryPoint":"deleteOldCompletedGoals","labels":{"deployment-tool":"cli-firebase","deployment-scheduled":"true","firebase-functions-hash":"8757e6be0796ac2c0ab04252c33681900181c42e"},"sourceUploadUrl":"https://storage.googleapis.com/uploads-564190393899.us-central1.cloudfunctions.appspot.com/e08f03ad-b6eb-40df-92e8-bcb098a35132.zip?GoogleAccessId=service-130570097756@gcf-admin-robot.iam.gserviceaccount.com&Expires=1682343766&Signature=Vi2V5BLHcwuOAOsMkaDNwW%2FVfW%2FoB68RsOR3bAM58YfN9xx1z65WGRvdaYw1qOTH3w2iSKGFCoTuAavTPVXxLm3%2BUwk4tB7GQvxcGPunjh9A2UruYfuINYwCcz3VI8dnJOMCUPjTIJDsrcln%2FlER9P7Fj5L80x7SUKWONE7%2Fxuc0mJv43fs%2Ficd%2Bn%2BJUM7SbFyCILjGaNKB2MWsORX%2Bg1%2B%2BWVDaYd2zh9MpIcqNCjO5QPQzCGPipJGDgX8DNzGCIkrLTnFmBFWoHi%2BHCG%2FUeHs2um%2Ft5Rn4EnMn6beks%2FI9BdCYOxjnCujOK4eVB9HOnLMJHQ31l0oW13B5xTL8d7Q%3D%3D","environmentVariables":{"FIREBASE_CONFIG":"{\"projectId\":\"use-gol\",\"storageBucket\":\"use-gol.appspot.com\"}","GCLOUD_PROJECT":"use-gol","EVENTARC_CLOUD_EVENT_SOURCE":"projects/use-gol/locations/us-central1/functions/deleteOldCompletedGoals"},"runtime":"nodejs16","dockerRegistry":"ARTIFACT_REGISTRY"},"versionId":"1","updateTime":"2023-04-24T13:12:47Z"}}
[debug] [2023-04-24T13:12:51.006Z] [create-default-us-central1-deleteOldCompletedGoals] Retrying task index 0
[debug] [2023-04-24T13:12:51.009Z] >>> [apiv2][query] GET https://cloudfunctions.googleapis.com/v1/operations/dXNlLWdvbC91cy1jZW50cmFsMS9kZWxldGVPbGRDb21wbGV0ZWRHb2Fscy9SWldFMHdhOU9JNA [none]
[debug] [2023-04-24T13:12:51.174Z] <<< [apiv2][status] GET https://cloudfunctions.googleapis.com/v1/operations/dXNlLWdvbC91cy1jZW50cmFsMS9kZWxldGVPbGRDb21wbGV0ZWRHb2Fscy9SWldFMHdhOU9JNA 200
[debug] [2023-04-24T13:12:51.174Z] <<< [apiv2][body] GET https://cloudfunctions.googleapis.com/v1/operations/dXNlLWdvbC91cy1jZW50cmFsMS9kZWxldGVPbGRDb21wbGV0ZWRHb2Fscy9SWldFMHdhOU9JNA {"name":"operations/dXNlLWdvbC91cy1jZW50cmFsMS9kZWxldGVPbGRDb21wbGV0ZWRHb2Fscy9SWldFMHdhOU9JNA","metadata":{"@type":"type.googleapis.com/google.cloud.functions.v1.OperationMetadataV1","target":"projects/use-gol/locations/us-central1/functions/deleteOldCompletedGoals","type":"CREATE_FUNCTION","request":{"@type":"type.googleapis.com/google.cloud.functions.v1.CloudFunction","name":"projects/use-gol/locations/us-central1/functions/deleteOldCompletedGoals","eventTrigger":{"eventType":"google.pubsub.topic.publish","resource":"projects/use-gol/topics/firebase-schedule-deleteOldCompletedGoals-us-central1"},"entryPoint":"deleteOldCompletedGoals","labels":{"deployment-tool":"cli-firebase","deployment-scheduled":"true","firebase-functions-hash":"8757e6be0796ac2c0ab04252c33681900181c42e"},"sourceUploadUrl":"https://storage.googleapis.com/uploads-564190393899.us-central1.cloudfunctions.appspot.com/e08f03ad-b6eb-40df-92e8-bcb098a35132.zip?GoogleAccessId=service-130570097756@gcf-admin-robot.iam.gserviceaccount.com&Expires=1682343766&Signature=Vi2V5BLHcwuOAOsMkaDNwW%2FVfW%2FoB68RsOR3bAM58YfN9xx1z65WGRvdaYw1qOTH3w2iSKGFCoTuAavTPVXxLm3%2BUwk4tB7GQvxcGPunjh9A2UruYfuINYwCcz3VI8dnJOMCUPjTIJDsrcln%2FlER9P7Fj5L80x7SUKWONE7%2Fxuc0mJv43fs%2Ficd%2Bn%2BJUM7SbFyCILjGaNKB2MWsORX%2Bg1%2B%2BWVDaYd2zh9MpIcqNCjO5QPQzCGPipJGDgX8DNzGCIkrLTnFmBFWoHi%2BHCG%2FUeHs2um%2Ft5Rn4EnMn6beks%2FI9BdCYOxjnCujOK4eVB9HOnLMJHQ31l0oW13B5xTL8d7Q%3D%3D","environmentVariables":{"FIREBASE_CONFIG":"{\"projectId\":\"use-gol\",\"storageBucket\":\"use-gol.appspot.com\"}","GCLOUD_PROJECT":"use-gol","EVENTARC_CLOUD_EVENT_SOURCE":"projects/use-gol/locations/us-central1/functions/deleteOldCompletedGoals"},"runtime":"nodejs16","dockerRegistry":"ARTIFACT_REGISTRY"},"versionId":"1","updateTime":"2023-04-24T13:12:47Z"}}
[debug] [2023-04-24T13:12:55.176Z] [create-default-us-central1-deleteOldCompletedGoals] Retrying task index 0
[debug] [2023-04-24T13:12:55.177Z] >>> [apiv2][query] GET https://cloudfunctions.googleapis.com/v1/operations/dXNlLWdvbC91cy1jZW50cmFsMS9kZWxldGVPbGRDb21wbGV0ZWRHb2Fscy9SWldFMHdhOU9JNA [none]
[debug] [2023-04-24T13:12:55.374Z] <<< [apiv2][status] GET https://cloudfunctions.googleapis.com/v1/operations/dXNlLWdvbC91cy1jZW50cmFsMS9kZWxldGVPbGRDb21wbGV0ZWRHb2Fscy9SWldFMHdhOU9JNA 200
[debug] [2023-04-24T13:12:55.375Z] <<< [apiv2][body] GET https://cloudfunctions.googleapis.com/v1/operations/dXNlLWdvbC91cy1jZW50cmFsMS9kZWxldGVPbGRDb21wbGV0ZWRHb2Fscy9SWldFMHdhOU9JNA {"name":"operations/dXNlLWdvbC91cy1jZW50cmFsMS9kZWxldGVPbGRDb21wbGV0ZWRHb2Fscy9SWldFMHdhOU9JNA","metadata":{"@type":"type.googleapis.com/google.cloud.functions.v1.OperationMetadataV1","target":"projects/use-gol/locations/us-central1/functions/deleteOldCompletedGoals","type":"CREATE_FUNCTION","request":{"@type":"type.googleapis.com/google.cloud.functions.v1.CloudFunction","name":"projects/use-gol/locations/us-central1/functions/deleteOldCompletedGoals","eventTrigger":{"eventType":"google.pubsub.topic.publish","resource":"projects/use-gol/topics/firebase-schedule-deleteOldCompletedGoals-us-central1"},"entryPoint":"deleteOldCompletedGoals","labels":{"deployment-tool":"cli-firebase","deployment-scheduled":"true","firebase-functions-hash":"8757e6be0796ac2c0ab04252c33681900181c42e"},"sourceUploadUrl":"https://storage.googleapis.com/uploads-564190393899.us-central1.cloudfunctions.appspot.com/e08f03ad-b6eb-40df-92e8-bcb098a35132.zip?GoogleAccessId=service-130570097756@gcf-admin-robot.iam.gserviceaccount.com&Expires=1682343766&Signature=Vi2V5BLHcwuOAOsMkaDNwW%2FVfW%2FoB68RsOR3bAM58YfN9xx1z65WGRvdaYw1qOTH3w2iSKGFCoTuAavTPVXxLm3%2BUwk4tB7GQvxcGPunjh9A2UruYfuINYwCcz3VI8dnJOMCUPjTIJDsrcln%2FlER9P7Fj5L80x7SUKWONE7%2Fxuc0mJv43fs%2Ficd%2Bn%2BJUM7SbFyCILjGaNKB2MWsORX%2Bg1%2B%2BWVDaYd2zh9MpIcqNCjO5QPQzCGPipJGDgX8DNzGCIkrLTnFmBFWoHi%2BHCG%2FUeHs2um%2Ft5Rn4EnMn6beks%2FI9BdCYOxjnCujOK4eVB9HOnLMJHQ31l0oW13B5xTL8d7Q%3D%3D","environmentVariables":{"FIREBASE_CONFIG":"{\"projectId\":\"use-gol\",\"storageBucket\":\"use-gol.appspot.com\"}","GCLOUD_PROJECT":"use-gol","EVENTARC_CLOUD_EVENT_SOURCE":"projects/use-gol/locations/us-central1/functions/deleteOldCompletedGoals"},"runtime":"nodejs16","dockerRegistry":"ARTIFACT_REGISTRY"},"versionId":"1","updateTime":"2023-04-24T13:12:47Z"}}
[debug] [2023-04-24T13:13:03.377Z] [create-default-us-central1-deleteOldCompletedGoals] Retrying task index 0
[debug] [2023-04-24T13:13:03.378Z] >>> [apiv2][query] GET https://cloudfunctions.googleapis.com/v1/operations/dXNlLWdvbC91cy1jZW50cmFsMS9kZWxldGVPbGRDb21wbGV0ZWRHb2Fscy9SWldFMHdhOU9JNA [none]
[debug] [2023-04-24T13:13:03.552Z] <<< [apiv2][status] GET https://cloudfunctions.googleapis.com/v1/operations/dXNlLWdvbC91cy1jZW50cmFsMS9kZWxldGVPbGRDb21wbGV0ZWRHb2Fscy9SWldFMHdhOU9JNA 200
[debug] [2023-04-24T13:13:03.553Z] <<< [apiv2][body] GET https://cloudfunctions.googleapis.com/v1/operations/dXNlLWdvbC91cy1jZW50cmFsMS9kZWxldGVPbGRDb21wbGV0ZWRHb2Fscy9SWldFMHdhOU9JNA {"name":"operations/dXNlLWdvbC91cy1jZW50cmFsMS9kZWxldGVPbGRDb21wbGV0ZWRHb2Fscy9SWldFMHdhOU9JNA","metadata":{"@type":"type.googleapis.com/google.cloud.functions.v1.OperationMetadataV1","target":"projects/use-gol/locations/us-central1/functions/deleteOldCompletedGoals","type":"CREATE_FUNCTION","request":{"@type":"type.googleapis.com/google.cloud.functions.v1.CloudFunction","name":"projects/use-gol/locations/us-central1/functions/deleteOldCompletedGoals","eventTrigger":{"eventType":"google.pubsub.topic.publish","resource":"projects/use-gol/topics/firebase-schedule-deleteOldCompletedGoals-us-central1"},"entryPoint":"deleteOldCompletedGoals","labels":{"deployment-tool":"cli-firebase","deployment-scheduled":"true","firebase-functions-hash":"8757e6be0796ac2c0ab04252c33681900181c42e"},"sourceUploadUrl":"https://storage.googleapis.com/uploads-564190393899.us-central1.cloudfunctions.appspot.com/e08f03ad-b6eb-40df-92e8-bcb098a35132.zip?GoogleAccessId=service-130570097756@gcf-admin-robot.iam.gserviceaccount.com&Expires=1682343766&Signature=Vi2V5BLHcwuOAOsMkaDNwW%2FVfW%2FoB68RsOR3bAM58YfN9xx1z65WGRvdaYw1qOTH3w2iSKGFCoTuAavTPVXxLm3%2BUwk4tB7GQvxcGPunjh9A2UruYfuINYwCcz3VI8dnJOMCUPjTIJDsrcln%2FlER9P7Fj5L80x7SUKWONE7%2Fxuc0mJv43fs%2Ficd%2Bn%2BJUM7SbFyCILjGaNKB2MWsORX%2Bg1%2B%2BWVDaYd2zh9MpIcqNCjO5QPQzCGPipJGDgX8DNzGCIkrLTnFmBFWoHi%2BHCG%2FUeHs2um%2Ft5Rn4EnMn6beks%2FI9BdCYOxjnCujOK4eVB9HOnLMJHQ31l0oW13B5xTL8d7Q%3D%3D","environmentVariables":{"FIREBASE_CONFIG":"{\"projectId\":\"use-gol\",\"storageBucket\":\"use-gol.appspot.com\"}","GCLOUD_PROJECT":"use-gol","EVENTARC_CLOUD_EVENT_SOURCE":"projects/use-gol/locations/us-central1/functions/deleteOldCompletedGoals"},"runtime":"nodejs16","dockerRegistry":"ARTIFACT_REGISTRY"},"versionId":"1","updateTime":"2023-04-24T13:12:47Z","buildId":"80692995-c395-4d87-a980-f5422a343951","buildName":"projects/130570097756/locations/us-central1/builds/80692995-c395-4d87-a980-f5422a343951"}}
[debug] [2023-04-24T13:13:13.555Z] [create-default-us-central1-deleteOldCompletedGoals] Retrying task index 0
[debug] [2023-04-24T13:13:13.555Z] >>> [apiv2][query] GET https://cloudfunctions.googleapis.com/v1/operations/dXNlLWdvbC91cy1jZW50cmFsMS9kZWxldGVPbGRDb21wbGV0ZWRHb2Fscy9SWldFMHdhOU9JNA [none]
[debug] [2023-04-24T13:13:13.778Z] <<< [apiv2][status] GET https://cloudfunctions.googleapis.com/v1/operations/dXNlLWdvbC91cy1jZW50cmFsMS9kZWxldGVPbGRDb21wbGV0ZWRHb2Fscy9SWldFMHdhOU9JNA 200
[debug] [2023-04-24T13:13:13.778Z] <<< [apiv2][body] GET https://cloudfunctions.googleapis.com/v1/operations/dXNlLWdvbC91cy1jZW50cmFsMS9kZWxldGVPbGRDb21wbGV0ZWRHb2Fscy9SWldFMHdhOU9JNA {"name":"operations/dXNlLWdvbC91cy1jZW50cmFsMS9kZWxldGVPbGRDb21wbGV0ZWRHb2Fscy9SWldFMHdhOU9JNA","metadata":{"@type":"type.googleapis.com/google.cloud.functions.v1.OperationMetadataV1","target":"projects/use-gol/locations/us-central1/functions/deleteOldCompletedGoals","type":"CREATE_FUNCTION","request":{"@type":"type.googleapis.com/google.cloud.functions.v1.CloudFunction","name":"projects/use-gol/locations/us-central1/functions/deleteOldCompletedGoals","eventTrigger":{"eventType":"google.pubsub.topic.publish","resource":"projects/use-gol/topics/firebase-schedule-deleteOldCompletedGoals-us-central1"},"entryPoint":"deleteOldCompletedGoals","labels":{"deployment-tool":"cli-firebase","deployment-scheduled":"true","firebase-functions-hash":"8757e6be0796ac2c0ab04252c33681900181c42e"},"sourceUploadUrl":"https://storage.googleapis.com/uploads-564190393899.us-central1.cloudfunctions.appspot.com/e08f03ad-b6eb-40df-92e8-bcb098a35132.zip?GoogleAccessId=service-130570097756@gcf-admin-robot.iam.gserviceaccount.com&Expires=1682343766&Signature=Vi2V5BLHcwuOAOsMkaDNwW%2FVfW%2FoB68RsOR3bAM58YfN9xx1z65WGRvdaYw1qOTH3w2iSKGFCoTuAavTPVXxLm3%2BUwk4tB7GQvxcGPunjh9A2UruYfuINYwCcz3VI8dnJOMCUPjTIJDsrcln%2FlER9P7Fj5L80x7SUKWONE7%2Fxuc0mJv43fs%2Ficd%2Bn%2BJUM7SbFyCILjGaNKB2MWsORX%2Bg1%2B%2BWVDaYd2zh9MpIcqNCjO5QPQzCGPipJGDgX8DNzGCIkrLTnFmBFWoHi%2BHCG%2FUeHs2um%2Ft5Rn4EnMn6beks%2FI9BdCYOxjnCujOK4eVB9HOnLMJHQ31l0oW13B5xTL8d7Q%3D%3D","environmentVariables":{"FIREBASE_CONFIG":"{\"projectId\":\"use-gol\",\"storageBucket\":\"use-gol.appspot.com\"}","GCLOUD_PROJECT":"use-gol","EVENTARC_CLOUD_EVENT_SOURCE":"projects/use-gol/locations/us-central1/functions/deleteOldCompletedGoals"},"runtime":"nodejs16","dockerRegistry":"ARTIFACT_REGISTRY"},"versionId":"1","updateTime":"2023-04-24T13:12:47Z","buildId":"80692995-c395-4d87-a980-f5422a343951","buildName":"projects/130570097756/locations/us-central1/builds/80692995-c395-4d87-a980-f5422a343951"}}
[debug] [2023-04-24T13:13:23.781Z] [create-default-us-central1-deleteOldCompletedGoals] Retrying task index 0
[debug] [2023-04-24T13:13:23.786Z] >>> [apiv2][query] GET https://cloudfunctions.googleapis.com/v1/operations/dXNlLWdvbC91cy1jZW50cmFsMS9kZWxldGVPbGRDb21wbGV0ZWRHb2Fscy9SWldFMHdhOU9JNA [none]
[debug] [2023-04-24T13:13:24.004Z] <<< [apiv2][status] GET https://cloudfunctions.googleapis.com/v1/operations/dXNlLWdvbC91cy1jZW50cmFsMS9kZWxldGVPbGRDb21wbGV0ZWRHb2Fscy9SWldFMHdhOU9JNA 200
[debug] [2023-04-24T13:13:24.005Z] <<< [apiv2][body] GET https://cloudfunctions.googleapis.com/v1/operations/dXNlLWdvbC91cy1jZW50cmFsMS9kZWxldGVPbGRDb21wbGV0ZWRHb2Fscy9SWldFMHdhOU9JNA {"name":"operations/dXNlLWdvbC91cy1jZW50cmFsMS9kZWxldGVPbGRDb21wbGV0ZWRHb2Fscy9SWldFMHdhOU9JNA","metadata":{"@type":"type.googleapis.com/google.cloud.functions.v1.OperationMetadataV1","target":"projects/use-gol/locations/us-central1/functions/deleteOldCompletedGoals","type":"CREATE_FUNCTION","request":{"@type":"type.googleapis.com/google.cloud.functions.v1.CloudFunction","name":"projects/use-gol/locations/us-central1/functions/deleteOldCompletedGoals","eventTrigger":{"eventType":"google.pubsub.topic.publish","resource":"projects/use-gol/topics/firebase-schedule-deleteOldCompletedGoals-us-central1"},"entryPoint":"deleteOldCompletedGoals","labels":{"deployment-tool":"cli-firebase","deployment-scheduled":"true","firebase-functions-hash":"8757e6be0796ac2c0ab04252c33681900181c42e"},"sourceUploadUrl":"https://storage.googleapis.com/uploads-564190393899.us-central1.cloudfunctions.appspot.com/e08f03ad-b6eb-40df-92e8-bcb098a35132.zip?GoogleAccessId=service-130570097756@gcf-admin-robot.iam.gserviceaccount.com&Expires=1682343766&Signature=Vi2V5BLHcwuOAOsMkaDNwW%2FVfW%2FoB68RsOR3bAM58YfN9xx1z65WGRvdaYw1qOTH3w2iSKGFCoTuAavTPVXxLm3%2BUwk4tB7GQvxcGPunjh9A2UruYfuINYwCcz3VI8dnJOMCUPjTIJDsrcln%2FlER9P7Fj5L80x7SUKWONE7%2Fxuc0mJv43fs%2Ficd%2Bn%2BJUM7SbFyCILjGaNKB2MWsORX%2Bg1%2B%2BWVDaYd2zh9MpIcqNCjO5QPQzCGPipJGDgX8DNzGCIkrLTnFmBFWoHi%2BHCG%2FUeHs2um%2Ft5Rn4EnMn6beks%2FI9BdCYOxjnCujOK4eVB9HOnLMJHQ31l0oW13B5xTL8d7Q%3D%3D","environmentVariables":{"FIREBASE_CONFIG":"{\"projectId\":\"use-gol\",\"storageBucket\":\"use-gol.appspot.com\"}","GCLOUD_PROJECT":"use-gol","EVENTARC_CLOUD_EVENT_SOURCE":"projects/use-gol/locations/us-central1/functions/deleteOldCompletedGoals"},"runtime":"nodejs16","dockerRegistry":"ARTIFACT_REGISTRY"},"versionId":"1","updateTime":"2023-04-24T13:12:47Z","buildId":"80692995-c395-4d87-a980-f5422a343951","buildName":"projects/130570097756/locations/us-central1/builds/80692995-c395-4d87-a980-f5422a343951"}}
[debug] [2023-04-24T13:13:34.008Z] [create-default-us-central1-deleteOldCompletedGoals] Retrying task index 0
[debug] [2023-04-24T13:13:34.009Z] >>> [apiv2][query] GET https://cloudfunctions.googleapis.com/v1/operations/dXNlLWdvbC91cy1jZW50cmFsMS9kZWxldGVPbGRDb21wbGV0ZWRHb2Fscy9SWldFMHdhOU9JNA [none]
[debug] [2023-04-24T13:13:34.183Z] <<< [apiv2][status] GET https://cloudfunctions.googleapis.com/v1/operations/dXNlLWdvbC91cy1jZW50cmFsMS9kZWxldGVPbGRDb21wbGV0ZWRHb2Fscy9SWldFMHdhOU9JNA 200
[debug] [2023-04-24T13:13:34.183Z] <<< [apiv2][body] GET https://cloudfunctions.googleapis.com/v1/operations/dXNlLWdvbC91cy1jZW50cmFsMS9kZWxldGVPbGRDb21wbGV0ZWRHb2Fscy9SWldFMHdhOU9JNA {"name":"operations/dXNlLWdvbC91cy1jZW50cmFsMS9kZWxldGVPbGRDb21wbGV0ZWRHb2Fscy9SWldFMHdhOU9JNA","metadata":{"@type":"type.googleapis.com/google.cloud.functions.v1.OperationMetadataV1","target":"projects/use-gol/locations/us-central1/functions/deleteOldCompletedGoals","type":"CREATE_FUNCTION","request":{"@type":"type.googleapis.com/google.cloud.functions.v1.CloudFunction","name":"projects/use-gol/locations/us-central1/functions/deleteOldCompletedGoals","eventTrigger":{"eventType":"google.pubsub.topic.publish","resource":"projects/use-gol/topics/firebase-schedule-deleteOldCompletedGoals-us-central1"},"entryPoint":"deleteOldCompletedGoals","labels":{"deployment-tool":"cli-firebase","deployment-scheduled":"true","firebase-functions-hash":"8757e6be0796ac2c0ab04252c33681900181c42e"},"sourceUploadUrl":"https://storage.googleapis.com/uploads-564190393899.us-central1.cloudfunctions.appspot.com/e08f03ad-b6eb-40df-92e8-bcb098a35132.zip?GoogleAccessId=service-130570097756@gcf-admin-robot.iam.gserviceaccount.com&Expires=1682343766&Signature=Vi2V5BLHcwuOAOsMkaDNwW%2FVfW%2FoB68RsOR3bAM58YfN9xx1z65WGRvdaYw1qOTH3w2iSKGFCoTuAavTPVXxLm3%2BUwk4tB7GQvxcGPunjh9A2UruYfuINYwCcz3VI8dnJOMCUPjTIJDsrcln%2FlER9P7Fj5L80x7SUKWONE7%2Fxuc0mJv43fs%2Ficd%2Bn%2BJUM7SbFyCILjGaNKB2MWsORX%2Bg1%2B%2BWVDaYd2zh9MpIcqNCjO5QPQzCGPipJGDgX8DNzGCIkrLTnFmBFWoHi%2BHCG%2FUeHs2um%2Ft5Rn4EnMn6beks%2FI9BdCYOxjnCujOK4eVB9HOnLMJHQ31l0oW13B5xTL8d7Q%3D%3D","environmentVariables":{"FIREBASE_CONFIG":"{\"projectId\":\"use-gol\",\"storageBucket\":\"use-gol.appspot.com\"}","GCLOUD_PROJECT":"use-gol","EVENTARC_CLOUD_EVENT_SOURCE":"projects/use-gol/locations/us-central1/functions/deleteOldCompletedGoals"},"runtime":"nodejs16","dockerRegistry":"ARTIFACT_REGISTRY"},"versionId":"1","updateTime":"2023-04-24T13:12:47Z","buildId":"80692995-c395-4d87-a980-f5422a343951","buildName":"projects/130570097756/locations/us-central1/builds/80692995-c395-4d87-a980-f5422a343951"}}
[debug] [2023-04-24T13:13:44.185Z] [create-default-us-central1-deleteOldCompletedGoals] Retrying task index 0
[debug] [2023-04-24T13:13:44.186Z] >>> [apiv2][query] GET https://cloudfunctions.googleapis.com/v1/operations/dXNlLWdvbC91cy1jZW50cmFsMS9kZWxldGVPbGRDb21wbGV0ZWRHb2Fscy9SWldFMHdhOU9JNA [none]
[debug] [2023-04-24T13:13:44.372Z] <<< [apiv2][status] GET https://cloudfunctions.googleapis.com/v1/operations/dXNlLWdvbC91cy1jZW50cmFsMS9kZWxldGVPbGRDb21wbGV0ZWRHb2Fscy9SWldFMHdhOU9JNA 200
[debug] [2023-04-24T13:13:44.372Z] <<< [apiv2][body] GET https://cloudfunctions.googleapis.com/v1/operations/dXNlLWdvbC91cy1jZW50cmFsMS9kZWxldGVPbGRDb21wbGV0ZWRHb2Fscy9SWldFMHdhOU9JNA {"name":"operations/dXNlLWdvbC91cy1jZW50cmFsMS9kZWxldGVPbGRDb21wbGV0ZWRHb2Fscy9SWldFMHdhOU9JNA","metadata":{"@type":"type.googleapis.com/google.cloud.functions.v1.OperationMetadataV1","target":"projects/use-gol/locations/us-central1/functions/deleteOldCompletedGoals","type":"CREATE_FUNCTION","request":{"@type":"type.googleapis.com/google.cloud.functions.v1.CloudFunction","name":"projects/use-gol/locations/us-central1/functions/deleteOldCompletedGoals","eventTrigger":{"eventType":"google.pubsub.topic.publish","resource":"projects/use-gol/topics/firebase-schedule-deleteOldCompletedGoals-us-central1"},"entryPoint":"deleteOldCompletedGoals","labels":{"deployment-tool":"cli-firebase","deployment-scheduled":"true","firebase-functions-hash":"8757e6be0796ac2c0ab04252c33681900181c42e"},"sourceUploadUrl":"https://storage.googleapis.com/uploads-564190393899.us-central1.cloudfunctions.appspot.com/e08f03ad-b6eb-40df-92e8-bcb098a35132.zip?GoogleAccessId=service-130570097756@gcf-admin-robot.iam.gserviceaccount.com&Expires=1682343766&Signature=Vi2V5BLHcwuOAOsMkaDNwW%2FVfW%2FoB68RsOR3bAM58YfN9xx1z65WGRvdaYw1qOTH3w2iSKGFCoTuAavTPVXxLm3%2BUwk4tB7GQvxcGPunjh9A2UruYfuINYwCcz3VI8dnJOMCUPjTIJDsrcln%2FlER9P7Fj5L80x7SUKWONE7%2Fxuc0mJv43fs%2Ficd%2Bn%2BJUM7SbFyCILjGaNKB2MWsORX%2Bg1%2B%2BWVDaYd2zh9MpIcqNCjO5QPQzCGPipJGDgX8DNzGCIkrLTnFmBFWoHi%2BHCG%2FUeHs2um%2Ft5Rn4EnMn6beks%2FI9BdCYOxjnCujOK4eVB9HOnLMJHQ31l0oW13B5xTL8d7Q%3D%3D","environmentVariables":{"FIREBASE_CONFIG":"{\"projectId\":\"use-gol\",\"storageBucket\":\"use-gol.appspot.com\"}","GCLOUD_PROJECT":"use-gol","EVENTARC_CLOUD_EVENT_SOURCE":"projects/use-gol/locations/us-central1/functions/deleteOldCompletedGoals"},"runtime":"nodejs16","dockerRegistry":"ARTIFACT_REGISTRY"},"versionId":"1","updateTime":"2023-04-24T13:12:47Z","buildId":"80692995-c395-4d87-a980-f5422a343951","buildName":"projects/130570097756/locations/us-central1/builds/80692995-c395-4d87-a980-f5422a343951"}}
[debug] [2023-04-24T13:13:54.373Z] [create-default-us-central1-deleteOldCompletedGoals] Retrying task index 0
[debug] [2023-04-24T13:13:54.378Z] >>> [apiv2][query] GET https://cloudfunctions.googleapis.com/v1/operations/dXNlLWdvbC91cy1jZW50cmFsMS9kZWxldGVPbGRDb21wbGV0ZWRHb2Fscy9SWldFMHdhOU9JNA [none]
[debug] [2023-04-24T13:13:54.590Z] <<< [apiv2][status] GET https://cloudfunctions.googleapis.com/v1/operations/dXNlLWdvbC91cy1jZW50cmFsMS9kZWxldGVPbGRDb21wbGV0ZWRHb2Fscy9SWldFMHdhOU9JNA 200
[debug] [2023-04-24T13:13:54.590Z] <<< [apiv2][body] GET https://cloudfunctions.googleapis.com/v1/operations/dXNlLWdvbC91cy1jZW50cmFsMS9kZWxldGVPbGRDb21wbGV0ZWRHb2Fscy9SWldFMHdhOU9JNA {"name":"operations/dXNlLWdvbC91cy1jZW50cmFsMS9kZWxldGVPbGRDb21wbGV0ZWRHb2Fscy9SWldFMHdhOU9JNA","metadata":{"@type":"type.googleapis.com/google.cloud.functions.v1.OperationMetadataV1","target":"projects/use-gol/locations/us-central1/functions/deleteOldCompletedGoals","type":"CREATE_FUNCTION","request":{"@type":"type.googleapis.com/google.cloud.functions.v1.CloudFunction","name":"projects/use-gol/locations/us-central1/functions/deleteOldCompletedGoals","eventTrigger":{"eventType":"google.pubsub.topic.publish","resource":"projects/use-gol/topics/firebase-schedule-deleteOldCompletedGoals-us-central1"},"entryPoint":"deleteOldCompletedGoals","labels":{"deployment-tool":"cli-firebase","deployment-scheduled":"true","firebase-functions-hash":"8757e6be0796ac2c0ab04252c33681900181c42e"},"sourceUploadUrl":"https://storage.googleapis.com/uploads-564190393899.us-central1.cloudfunctions.appspot.com/e08f03ad-b6eb-40df-92e8-bcb098a35132.zip?GoogleAccessId=service-130570097756@gcf-admin-robot.iam.gserviceaccount.com&Expires=1682343766&Signature=Vi2V5BLHcwuOAOsMkaDNwW%2FVfW%2FoB68RsOR3bAM58YfN9xx1z65WGRvdaYw1qOTH3w2iSKGFCoTuAavTPVXxLm3%2BUwk4tB7GQvxcGPunjh9A2UruYfuINYwCcz3VI8dnJOMCUPjTIJDsrcln%2FlER9P7Fj5L80x7SUKWONE7%2Fxuc0mJv43fs%2Ficd%2Bn%2BJUM7SbFyCILjGaNKB2MWsORX%2Bg1%2B%2BWVDaYd2zh9MpIcqNCjO5QPQzCGPipJGDgX8DNzGCIkrLTnFmBFWoHi%2BHCG%2FUeHs2um%2Ft5Rn4EnMn6beks%2FI9BdCYOxjnCujOK4eVB9HOnLMJHQ31l0oW13B5xTL8d7Q%3D%3D","environmentVariables":{"FIREBASE_CONFIG":"{\"projectId\":\"use-gol\",\"storageBucket\":\"use-gol.appspot.com\"}","GCLOUD_PROJECT":"use-gol","EVENTARC_CLOUD_EVENT_SOURCE":"projects/use-gol/locations/us-central1/functions/deleteOldCompletedGoals"},"runtime":"nodejs16","dockerRegistry":"ARTIFACT_REGISTRY"},"versionId":"1","updateTime":"2023-04-24T13:12:47Z","buildId":"80692995-c395-4d87-a980-f5422a343951","buildName":"projects/130570097756/locations/us-central1/builds/80692995-c395-4d87-a980-f5422a343951"}}
[debug] [2023-04-24T13:14:04.592Z] [create-default-us-central1-deleteOldCompletedGoals] Retrying task index 0
[debug] [2023-04-24T13:14:04.596Z] >>> [apiv2][query] GET https://cloudfunctions.googleapis.com/v1/operations/dXNlLWdvbC91cy1jZW50cmFsMS9kZWxldGVPbGRDb21wbGV0ZWRHb2Fscy9SWldFMHdhOU9JNA [none]
[debug] [2023-04-24T13:14:04.773Z] <<< [apiv2][status] GET https://cloudfunctions.googleapis.com/v1/operations/dXNlLWdvbC91cy1jZW50cmFsMS9kZWxldGVPbGRDb21wbGV0ZWRHb2Fscy9SWldFMHdhOU9JNA 200
[debug] [2023-04-24T13:14:04.774Z] <<< [apiv2][body] GET https://cloudfunctions.googleapis.com/v1/operations/dXNlLWdvbC91cy1jZW50cmFsMS9kZWxldGVPbGRDb21wbGV0ZWRHb2Fscy9SWldFMHdhOU9JNA {"name":"operations/dXNlLWdvbC91cy1jZW50cmFsMS9kZWxldGVPbGRDb21wbGV0ZWRHb2Fscy9SWldFMHdhOU9JNA","metadata":{"@type":"type.googleapis.com/google.cloud.functions.v1.OperationMetadataV1","target":"projects/use-gol/locations/us-central1/functions/deleteOldCompletedGoals","type":"CREATE_FUNCTION","request":{"@type":"type.googleapis.com/google.cloud.functions.v1.CloudFunction","name":"projects/use-gol/locations/us-central1/functions/deleteOldCompletedGoals","eventTrigger":{"eventType":"google.pubsub.topic.publish","resource":"projects/use-gol/topics/firebase-schedule-deleteOldCompletedGoals-us-central1"},"entryPoint":"deleteOldCompletedGoals","labels":{"deployment-tool":"cli-firebase","deployment-scheduled":"true","firebase-functions-hash":"8757e6be0796ac2c0ab04252c33681900181c42e"},"sourceUploadUrl":"https://storage.googleapis.com/uploads-564190393899.us-central1.cloudfunctions.appspot.com/e08f03ad-b6eb-40df-92e8-bcb098a35132.zip?GoogleAccessId=service-130570097756@gcf-admin-robot.iam.gserviceaccount.com&Expires=1682343766&Signature=Vi2V5BLHcwuOAOsMkaDNwW%2FVfW%2FoB68RsOR3bAM58YfN9xx1z65WGRvdaYw1qOTH3w2iSKGFCoTuAavTPVXxLm3%2BUwk4tB7GQvxcGPunjh9A2UruYfuINYwCcz3VI8dnJOMCUPjTIJDsrcln%2FlER9P7Fj5L80x7SUKWONE7%2Fxuc0mJv43fs%2Ficd%2Bn%2BJUM7SbFyCILjGaNKB2MWsORX%2Bg1%2B%2BWVDaYd2zh9MpIcqNCjO5QPQzCGPipJGDgX8DNzGCIkrLTnFmBFWoHi%2BHCG%2FUeHs2um%2Ft5Rn4EnMn6beks%2FI9BdCYOxjnCujOK4eVB9HOnLMJHQ31l0oW13B5xTL8d7Q%3D%3D","environmentVariables":{"FIREBASE_CONFIG":"{\"projectId\":\"use-gol\",\"storageBucket\":\"use-gol.appspot.com\"}","GCLOUD_PROJECT":"use-gol","EVENTARC_CLOUD_EVENT_SOURCE":"projects/use-gol/locations/us-central1/functions/deleteOldCompletedGoals"},"runtime":"nodejs16","dockerRegistry":"ARTIFACT_REGISTRY"},"versionId":"1","updateTime":"2023-04-24T13:12:47Z","buildId":"80692995-c395-4d87-a980-f5422a343951","sourceToken":"20210997-2c05-4acd-9644-efe6101abe2d","buildName":"projects/130570097756/locations/us-central1/builds/80692995-c395-4d87-a980-f5422a343951"}}
[debug] [2023-04-24T13:14:04.775Z] Got source token 20210997-2c05-4acd-9644-efe6101abe2d for region us-central1
[debug] [2023-04-24T13:14:14.777Z] [create-default-us-central1-deleteOldCompletedGoals] Retrying task index 0
[debug] [2023-04-24T13:14:14.778Z] >>> [apiv2][query] GET https://cloudfunctions.googleapis.com/v1/operations/dXNlLWdvbC91cy1jZW50cmFsMS9kZWxldGVPbGRDb21wbGV0ZWRHb2Fscy9SWldFMHdhOU9JNA [none]
[debug] [2023-04-24T13:14:14.986Z] <<< [apiv2][status] GET https://cloudfunctions.googleapis.com/v1/operations/dXNlLWdvbC91cy1jZW50cmFsMS9kZWxldGVPbGRDb21wbGV0ZWRHb2Fscy9SWldFMHdhOU9JNA 200
[debug] [2023-04-24T13:14:14.987Z] <<< [apiv2][body] GET https://cloudfunctions.googleapis.com/v1/operations/dXNlLWdvbC91cy1jZW50cmFsMS9kZWxldGVPbGRDb21wbGV0ZWRHb2Fscy9SWldFMHdhOU9JNA {"name":"operations/dXNlLWdvbC91cy1jZW50cmFsMS9kZWxldGVPbGRDb21wbGV0ZWRHb2Fscy9SWldFMHdhOU9JNA","metadata":{"@type":"type.googleapis.com/google.cloud.functions.v1.OperationMetadataV1","target":"projects/use-gol/locations/us-central1/functions/deleteOldCompletedGoals","type":"CREATE_FUNCTION","request":{"@type":"type.googleapis.com/google.cloud.functions.v1.CloudFunction","name":"projects/use-gol/locations/us-central1/functions/deleteOldCompletedGoals","eventTrigger":{"eventType":"google.pubsub.topic.publish","resource":"projects/use-gol/topics/firebase-schedule-deleteOldCompletedGoals-us-central1"},"entryPoint":"deleteOldCompletedGoals","labels":{"deployment-tool":"cli-firebase","deployment-scheduled":"true","firebase-functions-hash":"8757e6be0796ac2c0ab04252c33681900181c42e"},"sourceUploadUrl":"https://storage.googleapis.com/uploads-564190393899.us-central1.cloudfunctions.appspot.com/e08f03ad-b6eb-40df-92e8-bcb098a35132.zip?GoogleAccessId=service-130570097756@gcf-admin-robot.iam.gserviceaccount.com&Expires=1682343766&Signature=Vi2V5BLHcwuOAOsMkaDNwW%2FVfW%2FoB68RsOR3bAM58YfN9xx1z65WGRvdaYw1qOTH3w2iSKGFCoTuAavTPVXxLm3%2BUwk4tB7GQvxcGPunjh9A2UruYfuINYwCcz3VI8dnJOMCUPjTIJDsrcln%2FlER9P7Fj5L80x7SUKWONE7%2Fxuc0mJv43fs%2Ficd%2Bn%2BJUM7SbFyCILjGaNKB2MWsORX%2Bg1%2B%2BWVDaYd2zh9MpIcqNCjO5QPQzCGPipJGDgX8DNzGCIkrLTnFmBFWoHi%2BHCG%2FUeHs2um%2Ft5Rn4EnMn6beks%2FI9BdCYOxjnCujOK4eVB9HOnLMJHQ31l0oW13B5xTL8d7Q%3D%3D","environmentVariables":{"FIREBASE_CONFIG":"{\"projectId\":\"use-gol\",\"storageBucket\":\"use-gol.appspot.com\"}","GCLOUD_PROJECT":"use-gol","EVENTARC_CLOUD_EVENT_SOURCE":"projects/use-gol/locations/us-central1/functions/deleteOldCompletedGoals"},"runtime":"nodejs16","dockerRegistry":"ARTIFACT_REGISTRY"},"versionId":"1","updateTime":"2023-04-24T13:12:47Z","buildId":"80692995-c395-4d87-a980-f5422a343951","sourceToken":"20210997-2c05-4acd-9644-efe6101abe2d","buildName":"projects/130570097756/locations/us-central1/builds/80692995-c395-4d87-a980-f5422a343951"}}
[debug] [2023-04-24T13:14:14.987Z] Got source token 20210997-2c05-4acd-9644-efe6101abe2d for region us-central1
[debug] [2023-04-24T13:14:24.989Z] [create-default-us-central1-deleteOldCompletedGoals] Retrying task index 0
[debug] [2023-04-24T13:14:24.990Z] >>> [apiv2][query] GET https://cloudfunctions.googleapis.com/v1/operations/dXNlLWdvbC91cy1jZW50cmFsMS9kZWxldGVPbGRDb21wbGV0ZWRHb2Fscy9SWldFMHdhOU9JNA [none]
[debug] [2023-04-24T13:14:25.204Z] <<< [apiv2][status] GET https://cloudfunctions.googleapis.com/v1/operations/dXNlLWdvbC91cy1jZW50cmFsMS9kZWxldGVPbGRDb21wbGV0ZWRHb2Fscy9SWldFMHdhOU9JNA 200
[debug] [2023-04-24T13:14:25.204Z] <<< [apiv2][body] GET https://cloudfunctions.googleapis.com/v1/operations/dXNlLWdvbC91cy1jZW50cmFsMS9kZWxldGVPbGRDb21wbGV0ZWRHb2Fscy9SWldFMHdhOU9JNA {"name":"operations/dXNlLWdvbC91cy1jZW50cmFsMS9kZWxldGVPbGRDb21wbGV0ZWRHb2Fscy9SWldFMHdhOU9JNA","metadata":{"@type":"type.googleapis.com/google.cloud.functions.v1.OperationMetadataV1","target":"projects/use-gol/locations/us-central1/functions/deleteOldCompletedGoals","type":"CREATE_FUNCTION","request":{"@type":"type.googleapis.com/google.cloud.functions.v1.CloudFunction","name":"projects/use-gol/locations/us-central1/functions/deleteOldCompletedGoals","eventTrigger":{"eventType":"google.pubsub.topic.publish","resource":"projects/use-gol/topics/firebase-schedule-deleteOldCompletedGoals-us-central1"},"entryPoint":"deleteOldCompletedGoals","labels":{"deployment-tool":"cli-firebase","deployment-scheduled":"true","firebase-functions-hash":"8757e6be0796ac2c0ab04252c33681900181c42e"},"sourceUploadUrl":"https://storage.googleapis.com/uploads-564190393899.us-central1.cloudfunctions.appspot.com/e08f03ad-b6eb-40df-92e8-bcb098a35132.zip?GoogleAccessId=service-130570097756@gcf-admin-robot.iam.gserviceaccount.com&Expires=1682343766&Signature=Vi2V5BLHcwuOAOsMkaDNwW%2FVfW%2FoB68RsOR3bAM58YfN9xx1z65WGRvdaYw1qOTH3w2iSKGFCoTuAavTPVXxLm3%2BUwk4tB7GQvxcGPunjh9A2UruYfuINYwCcz3VI8dnJOMCUPjTIJDsrcln%2FlER9P7Fj5L80x7SUKWONE7%2Fxuc0mJv43fs%2Ficd%2Bn%2BJUM7SbFyCILjGaNKB2MWsORX%2Bg1%2B%2BWVDaYd2zh9MpIcqNCjO5QPQzCGPipJGDgX8DNzGCIkrLTnFmBFWoHi%2BHCG%2FUeHs2um%2Ft5Rn4EnMn6beks%2FI9BdCYOxjnCujOK4eVB9HOnLMJHQ31l0oW13B5xTL8d7Q%3D%3D","environmentVariables":{"FIREBASE_CONFIG":"{\"projectId\":\"use-gol\",\"storageBucket\":\"use-gol.appspot.com\"}","GCLOUD_PROJECT":"use-gol","EVENTARC_CLOUD_EVENT_SOURCE":"projects/use-gol/locations/us-central1/functions/deleteOldCompletedGoals"},"runtime":"nodejs16","dockerRegistry":"ARTIFACT_REGISTRY"},"versionId":"1","updateTime":"2023-04-24T13:12:47Z","buildId":"80692995-c395-4d87-a980-f5422a343951","sourceToken":"20210997-2c05-4acd-9644-efe6101abe2d","buildName":"projects/130570097756/locations/us-central1/builds/80692995-c395-4d87-a980-f5422a343951"}}
[debug] [2023-04-24T13:14:25.205Z] Got source token 20210997-2c05-4acd-9644-efe6101abe2d for region us-central1
[debug] [2023-04-24T13:14:35.207Z] [create-default-us-central1-deleteOldCompletedGoals] Retrying task index 0
[debug] [2023-04-24T13:14:35.208Z] >>> [apiv2][query] GET https://cloudfunctions.googleapis.com/v1/operations/dXNlLWdvbC91cy1jZW50cmFsMS9kZWxldGVPbGRDb21wbGV0ZWRHb2Fscy9SWldFMHdhOU9JNA [none]
[debug] [2023-04-24T13:14:35.396Z] <<< [apiv2][status] GET https://cloudfunctions.googleapis.com/v1/operations/dXNlLWdvbC91cy1jZW50cmFsMS9kZWxldGVPbGRDb21wbGV0ZWRHb2Fscy9SWldFMHdhOU9JNA 200
[debug] [2023-04-24T13:14:35.397Z] <<< [apiv2][body] GET https://cloudfunctions.googleapis.com/v1/operations/dXNlLWdvbC91cy1jZW50cmFsMS9kZWxldGVPbGRDb21wbGV0ZWRHb2Fscy9SWldFMHdhOU9JNA {"name":"operations/dXNlLWdvbC91cy1jZW50cmFsMS9kZWxldGVPbGRDb21wbGV0ZWRHb2Fscy9SWldFMHdhOU9JNA","metadata":{"@type":"type.googleapis.com/google.cloud.functions.v1.OperationMetadataV1","target":"projects/use-gol/locations/us-central1/functions/deleteOldCompletedGoals","type":"CREATE_FUNCTION","request":{"@type":"type.googleapis.com/google.cloud.functions.v1.CloudFunction","name":"projects/use-gol/locations/us-central1/functions/deleteOldCompletedGoals","eventTrigger":{"eventType":"google.pubsub.topic.publish","resource":"projects/use-gol/topics/firebase-schedule-deleteOldCompletedGoals-us-central1"},"entryPoint":"deleteOldCompletedGoals","labels":{"deployment-tool":"cli-firebase","deployment-scheduled":"true","firebase-functions-hash":"8757e6be0796ac2c0ab04252c33681900181c42e"},"sourceUploadUrl":"https://storage.googleapis.com/uploads-564190393899.us-central1.cloudfunctions.appspot.com/e08f03ad-b6eb-40df-92e8-bcb098a35132.zip?GoogleAccessId=service-130570097756@gcf-admin-robot.iam.gserviceaccount.com&Expires=1682343766&Signature=Vi2V5BLHcwuOAOsMkaDNwW%2FVfW%2FoB68RsOR3bAM58YfN9xx1z65WGRvdaYw1qOTH3w2iSKGFCoTuAavTPVXxLm3%2BUwk4tB7GQvxcGPunjh9A2UruYfuINYwCcz3VI8dnJOMCUPjTIJDsrcln%2FlER9P7Fj5L80x7SUKWONE7%2Fxuc0mJv43fs%2Ficd%2Bn%2BJUM7SbFyCILjGaNKB2MWsORX%2Bg1%2B%2BWVDaYd2zh9MpIcqNCjO5QPQzCGPipJGDgX8DNzGCIkrLTnFmBFWoHi%2BHCG%2FUeHs2um%2Ft5Rn4EnMn6beks%2FI9BdCYOxjnCujOK4eVB9HOnLMJHQ31l0oW13B5xTL8d7Q%3D%3D","environmentVariables":{"FIREBASE_CONFIG":"{\"projectId\":\"use-gol\",\"storageBucket\":\"use-gol.appspot.com\"}","GCLOUD_PROJECT":"use-gol","EVENTARC_CLOUD_EVENT_SOURCE":"projects/use-gol/locations/us-central1/functions/deleteOldCompletedGoals"},"runtime":"nodejs16","dockerRegistry":"ARTIFACT_REGISTRY"},"versionId":"1","updateTime":"2023-04-24T13:14:30Z","buildId":"80692995-c395-4d87-a980-f5422a343951","sourceToken":"20210997-2c05-4acd-9644-efe6101abe2d","buildName":"projects/130570097756/locations/us-central1/builds/80692995-c395-4d87-a980-f5422a343951"},"done":true,"response":{"@type":"type.googleapis.com/google.cloud.functions.v1.CloudFunction","name":"projects/use-gol/locations/us-central1/functions/deleteOldCompletedGoals","eventTrigger":{"eventType":"google.pubsub.topic.publish","resource":"projects/use-gol/topics/firebase-schedule-deleteOldCompletedGoals-us-central1","service":"pubsub.googleapis.com","failurePolicy":{}},"status":"ACTIVE","entryPoint":"deleteOldCompletedGoals","timeout":"60s","availableMemoryMb":256,"serviceAccountEmail":"use-gol@appspot.gserviceaccount.com","updateTime":"2023-04-24T13:14:30.930Z","versionId":"1","labels":{"deployment-tool":"cli-firebase","deployment-scheduled":"true","firebase-functions-hash":"8757e6be0796ac2c0ab04252c33681900181c42e"},"sourceUploadUrl":"https://storage.googleapis.com/uploads-564190393899.us-central1.cloudfunctions.appspot.com/e08f03ad-b6eb-40df-92e8-bcb098a35132.zip","environmentVariables":{"FIREBASE_CONFIG":"{\"projectId\":\"use-gol\",\"storageBucket\":\"use-gol.appspot.com\"}","GCLOUD_PROJECT":"use-gol","EVENTARC_CLOUD_EVENT_SOURCE":"projects/use-gol/locations/us-central1/functions/deleteOldCompletedGoals"},"runtime":"nodejs16","maxInstances":3000,"ingressSettings":"ALLOW_ALL","buildId":"80692995-c395-4d87-a980-f5422a343951","buildName":"projects/130570097756/locations/us-central1/builds/80692995-c395-4d87-a980-f5422a343951","dockerRegistry":"ARTIFACT_REGISTRY"}}
[debug] [2023-04-24T13:14:35.398Z] Got source token 20210997-2c05-4acd-9644-efe6101abe2d for region us-central1
[debug] [2023-04-24T13:14:35.401Z] >>> [apiv2][query] GET https://cloudscheduler.googleapis.com/v1/projects/use-gol/locations/us-central1/jobs/firebase-schedule-deleteOldCompletedGoals-us-central1 [none]
[debug] [2023-04-24T13:14:35.671Z] <<< [apiv2][status] GET https://cloudscheduler.googleapis.com/v1/projects/use-gol/locations/us-central1/jobs/firebase-schedule-deleteOldCompletedGoals-us-central1 404
[debug] [2023-04-24T13:14:35.672Z] <<< [apiv2][body] GET https://cloudscheduler.googleapis.com/v1/projects/use-gol/locations/us-central1/jobs/firebase-schedule-deleteOldCompletedGoals-us-central1 {"error":{"code":404,"message":"Job not found.","status":"NOT_FOUND"}}
[debug] [2023-04-24T13:14:35.673Z] >>> [apiv2][query] POST https://cloudscheduler.googleapis.com/v1/projects/use-gol/locations/us-central1/jobs [none]
[debug] [2023-04-24T13:14:35.673Z] >>> [apiv2][body] POST https://cloudscheduler.googleapis.com/v1/projects/use-gol/locations/us-central1/jobs {"timeZone":"America/Los_Angeles","name":"projects/use-gol/locations/us-central1/jobs/firebase-schedule-deleteOldCompletedGoals-us-central1","pubsubTarget":{"topicName":"projects/use-gol/topics/firebase-schedule-deleteOldCompletedGoals-us-central1","attributes":{"scheduled":"true"}},"schedule":"every 24 hours","retryConfig":{"maxDoublings":null,"retryCount":null,"maxBackoffDuration":null,"minBackoffDuration":null,"maxRetryDuration":null}}
[debug] [2023-04-24T13:14:36.339Z] <<< [apiv2][status] POST https://cloudscheduler.googleapis.com/v1/projects/use-gol/locations/us-central1/jobs 200
[debug] [2023-04-24T13:14:36.340Z] <<< [apiv2][body] POST https://cloudscheduler.googleapis.com/v1/projects/use-gol/locations/us-central1/jobs {"name":"projects/use-gol/locations/us-central1/jobs/firebase-schedule-deleteOldCompletedGoals-us-central1","pubsubTarget":{"topicName":"projects/use-gol/topics/firebase-schedule-deleteOldCompletedGoals-us-central1","attributes":{"scheduled":"true"}},"userUpdateTime":"2023-04-24T13:14:36Z","state":"ENABLED","retryConfig":{"maxRetryDuration":"0s","minBackoffDuration":"5s","maxBackoffDuration":"3600s","maxDoublings":5},"schedule":"every 24 hours","timeZone":"America/Los_Angeles"}
[debug] [2023-04-24T13:14:36.340Z] created scheduler job firebase-schedule-deleteOldCompletedGoals-us-central1
[info] ✔  functions[deleteOldCompletedGoals(us-central1)] Successful create operation. 
[debug] [2023-04-24T13:14:36.346Z] Total Function Deployment time: 109924
[debug] [2023-04-24T13:14:36.346Z] 1 Functions Deployed
[debug] [2023-04-24T13:14:36.347Z] 0 Functions Errored
[debug] [2023-04-24T13:14:36.347Z] 0 Function Deployments Aborted
[debug] [2023-04-24T13:14:36.347Z] Average Function Deployment time: 109924
[info] i  functions: cleaning up build files... 
[debug] [2023-04-24T13:14:36.436Z] >>> [apiv2][query] DELETE https://artifactregistry.googleapis.com/v1beta2/projects/use-gol/locations/us-central1/repositories/gcf-artifacts/packages/delete_old_completed_goals [none]
[debug] [2023-04-24T13:14:36.441Z] >>> [apiv2][query] GET https://us.gcr.io/v2/use-gol/gcf/us-central1/tags/list [none]
[debug] [2023-04-24T13:14:36.630Z] <<< [apiv2][status] DELETE https://artifactregistry.googleapis.com/v1beta2/projects/use-gol/locations/us-central1/repositories/gcf-artifacts/packages/delete_old_completed_goals 200
[debug] [2023-04-24T13:14:36.630Z] <<< [apiv2][body] DELETE https://artifactregistry.googleapis.com/v1beta2/projects/use-gol/locations/us-central1/repositories/gcf-artifacts/packages/delete_old_completed_goals {"name":"projects/use-gol/locations/us-central1/operations/30ffe567-01b3-4a11-a20e-3ab489081323","metadata":{"@type":"type.googleapis.com/google.devtools.artifactregistry.v1beta2.OperationMetadata"}}
[debug] [2023-04-24T13:14:36.632Z] >>> [apiv2][query] GET https://artifactregistry.googleapis.com/v1beta2/projects/use-gol/locations/us-central1/operations/30ffe567-01b3-4a11-a20e-3ab489081323 [none]
[debug] [2023-04-24T13:14:36.741Z] <<< [apiv2][status] GET https://us.gcr.io/v2/use-gol/gcf/us-central1/tags/list 200
[debug] [2023-04-24T13:14:36.742Z] <<< [apiv2][body] GET https://us.gcr.io/v2/use-gol/gcf/us-central1/tags/list {"child":[],"manifest":{},"name":"use-gol/gcf/us-central1","tags":[]}
[debug] [2023-04-24T13:14:36.742Z] Could not find image for function projects/use-gol/locations/us-central1/functions/deleteOldCompletedGoals
[debug] [2023-04-24T13:14:37.004Z] <<< [apiv2][status] GET https://artifactregistry.googleapis.com/v1beta2/projects/use-gol/locations/us-central1/operations/30ffe567-01b3-4a11-a20e-3ab489081323 200
[debug] [2023-04-24T13:14:37.005Z] <<< [apiv2][body] GET https://artifactregistry.googleapis.com/v1beta2/projects/use-gol/locations/us-central1/operations/30ffe567-01b3-4a11-a20e-3ab489081323 {"name":"projects/use-gol/locations/us-central1/operations/30ffe567-01b3-4a11-a20e-3ab489081323","metadata":{"@type":"type.googleapis.com/google.devtools.artifactregistry.v1beta2.OperationMetadata"},"done":true,"response":{"@type":"type.googleapis.com/google.protobuf.Empty"}}
[info] 
[info] ✔  Deploy complete! 
[info] 
[info] Project Console: https://console.firebase.google.com/project/use-gol/overview
